#
# There is insufficient memory for the Java Runtime Environment to continue.
# Native memory allocation (mmap) failed to map 38797312 bytes for committing reserved memory.
# Possible reasons:
#   The system is out of physical RAM or swap space
#   In 32 bit mode, the process size limit was hit
# Possible solutions:
#   Reduce memory load on the system
#   Increase physical memory or swap space
#   Check if swap backing store is full
#   Use 64 bit Java on a 64 bit OS
#   Decrease Java heap size (-Xmx/-Xms)
#   Decrease number of Java threads
#   Decrease Java thread stack sizes (-Xss)
#   Set larger code cache with -XX:ReservedCodeCacheSize=
# This output file may be truncated or incomplete.
#
#  Out of Memory Error (os_linux.cpp:2627), pid=4410, tid=0x00007f4d405f5700
#
# JRE version: Java(TM) SE Runtime Environment (8.0_112-b15) (build 1.8.0_112-b15)
# Java VM: Java HotSpot(TM) 64-Bit Server VM (25.112-b15 mixed mode linux-amd64 compressed oops)
# Failed to write core dump. Core dumps have been disabled. To enable core dumping, try "ulimit -c unlimited" before starting Java again
#

---------------  T H R E A D  ---------------

Current thread (0x00007f4d5007b800):  VMThread [stack: 0x00007f4d404f5000,0x00007f4d405f6000] [id=4420]

Stack: [0x00007f4d404f5000,0x00007f4d405f6000],  sp=0x00007f4d405f4120,  free space=1020k
Native frames: (J=compiled Java code, j=interpreted, Vv=VM code, C=native code)
V  [libjvm.so+0xac6f7a]  VMError::report_and_die()+0x2ba
V  [libjvm.so+0x4fc71b]  report_vm_out_of_memory(char const*, int, unsigned long, VMErrorType, char const*)+0x8b
V  [libjvm.so+0x923b13]  os::Linux::commit_memory_impl(char*, unsigned long, bool)+0x103
V  [libjvm.so+0x924069]  os::pd_commit_memory(char*, unsigned long, unsigned long, bool)+0x29
V  [libjvm.so+0x91e37a]  os::commit_memory(char*, unsigned long, unsigned long, bool)+0x2a
V  [libjvm.so+0x992da3]  PSVirtualSpace::expand_by(unsigned long)+0x53
V  [libjvm.so+0x9941a8]  PSYoungGen::resize_generation(unsigned long, unsigned long)+0xf8
V  [libjvm.so+0x993302]  PSYoungGen::resize(unsigned long, unsigned long)+0x22
V  [libjvm.so+0x9905db]  PSScavenge::invoke_no_policy()+0xf3b
V  [libjvm.so+0x990d61]  PSScavenge::invoke()+0x41
V  [libjvm.so+0x947ac0]  ParallelScavengeHeap::failed_mem_allocate(unsigned long)+0x70
V  [libjvm.so+0xac8997]  VM_ParallelGCFailedAllocation::doit()+0x97
V  [libjvm.so+0xad0475]  VM_Operation::evaluate()+0x55
V  [libjvm.so+0xace84a]  VMThread::evaluate_operation(VM_Operation*)+0xba
V  [libjvm.so+0xacebce]  VMThread::loop()+0x1ce
V  [libjvm.so+0xacf040]  VMThread::run()+0x70
V  [libjvm.so+0x926138]  java_start(Thread*)+0x108

VM_Operation (0x00007f4d39e611a0): ParallelGCFailedAllocation, mode: safepoint, requested by thread 0x00007f4cf4007000


---------------  P R O C E S S  ---------------

Java Threads: ( => current thread )
  0x00007f4ce15d9000 JavaThread "pool-2-thread-1" [_thread_blocked, id=4442, stack(0x00007f4d35716000,0x00007f4d35817000)]
  0x00007f4ce11ad000 JavaThread "File lock request listener" [_thread_in_native, id=4441, stack(0x00007f4d35cff000,0x00007f4d35e00000)]
  0x00007f4ce10ca800 JavaThread "process reaper" daemon [_thread_blocked, id=4440, stack(0x00007f4d390b0000,0x00007f4d390e9000)]
  0x00007f4ce0008800 JavaThread "Stdin handler" [_thread_blocked, id=4438, stack(0x00007f4d39b63000,0x00007f4d39c64000)]
  0x00007f4ce0010800 JavaThread "Asynchronous log dispatcher for org.gradle.launcher.daemon.server.DefaultDaemonConnection@1111f618" [_thread_blocked, id=4437, stack(0x00007f4d39c64000,0x00007f4d39d65000)]
  0x00007f4cf4007000 JavaThread "Daemon worker" [_thread_blocked, id=4434, stack(0x00007f4d39d65000,0x00007f4d39e66000)]
  0x00007f4cf4009000 JavaThread "Cancel handler" [_thread_blocked, id=4433, stack(0x00007f4d39e66000,0x00007f4d39f67000)]
  0x00007f4cf4003800 JavaThread "Handler for socket connection from /127.0.0.1:37587 to /127.0.0.1:41774" [_thread_in_native, id=4432, stack(0x00007f4d39f67000,0x00007f4d3a068000)]
  0x00007f4cf0012000 JavaThread "Daemon" [_thread_blocked, id=4431, stack(0x00007f4d3a068000,0x00007f4d3a169000)]
  0x00007f4d50b71000 JavaThread "Incoming local TCP Connector on port 37587" [_thread_in_native, id=4430, stack(0x00007f4d3a370000,0x00007f4d3a471000)]
  0x00007f4d50b48800 JavaThread "pool-1-thread-1" [_thread_blocked, id=4429, stack(0x00007f4d3a471000,0x00007f4d3a572000)]
  0x00007f4d500de000 JavaThread "Service Thread" daemon [_thread_blocked, id=4427, stack(0x00007f4d3bafb000,0x00007f4d3bbfc000)]
  0x00007f4d500c1000 JavaThread "C1 CompilerThread2" daemon [_thread_blocked, id=4426, stack(0x00007f4d3bbfc000,0x00007f4d3bcfd000)]
  0x00007f4d500bf800 JavaThread "C2 CompilerThread1" daemon [_thread_blocked, id=4425, stack(0x00007f4d3bcfd000,0x00007f4d3bdfe000)]
  0x00007f4d500bc800 JavaThread "C2 CompilerThread0" daemon [_thread_blocked, id=4424, stack(0x00007f4d3bdfe000,0x00007f4d3beff000)]
  0x00007f4d500bb000 JavaThread "Signal Dispatcher" daemon [_thread_blocked, id=4423, stack(0x00007f4d3beff000,0x00007f4d3c000000)]
  0x00007f4d50088000 JavaThread "Finalizer" daemon [_thread_blocked, id=4422, stack(0x00007f4d402f3000,0x00007f4d403f4000)]
  0x00007f4d50083800 JavaThread "Reference Handler" daemon [_thread_blocked, id=4421, stack(0x00007f4d403f4000,0x00007f4d404f5000)]
  0x00007f4d5000a000 JavaThread "main" [_thread_blocked, id=4413, stack(0x00007f4d596f9000,0x00007f4d597fa000)]

Other Threads:
=>0x00007f4d5007b800 VMThread [stack: 0x00007f4d404f5000,0x00007f4d405f6000] [id=4420]
  0x00007f4d500e1000 WatcherThread [stack: 0x00007f4d3b9fa000,0x00007f4d3bafb000] [id=4428]

VM state:at safepoint (normal execution)

VM Mutex/Monitor currently owned by a thread:  ([mutex/lock_event])
[0x00007f4d500061b0] Threads_lock - owner thread: 0x00007f4d5007b800
[0x00007f4d500066b0] Heap_lock - owner thread: 0x00007f4cf4007000

Heap:
 PSYoungGen      total 136704K, used 12783K [0x00000000e0000000, 0x00000000e9480000, 0x0000000100000000)
  eden space 123904K, 0% used [0x00000000e0000000,0x00000000e0000000,0x00000000e7900000)
  from space 12800K, 99% used [0x00000000e7900000,0x00000000e857bff0,0x00000000e8580000)
  to   space 11776K, 0% used [0x00000000e8580000,0x00000000e8580000,0x00000000e9100000)
 ParOldGen       total 46080K, used 23888K [0x00000000a0000000, 0x00000000a2d00000, 0x00000000e0000000)
  object space 46080K, 51% used [0x00000000a0000000,0x00000000a17540f8,0x00000000a2d00000)
 Metaspace       used 48737K, capacity 50046K, committed 50304K, reserved 1093632K
  class space    used 6672K, capacity 6983K, committed 7040K, reserved 1048576K

Card table byte_map: [0x00007f4d56199000,0x00007f4d5649a000] byte_map_base: 0x00007f4d55c99000

Marking Bits: (ParMarkBitMap*) 0x00007f4d58bc4c80
 Begin Bits: [0x00007f4d36000000, 0x00007f4d37800000)
 End Bits:   [0x00007f4d37800000, 0x00007f4d39000000)

Polling page: 0x00007f4d59814000

CodeCache: size=245760Kb used=20394Kb max_used=20403Kb free=225365Kb
 bounds [0x00007f4d41000000, 0x00007f4d42400000, 0x00007f4d50000000]
 total_blobs=6781 nmethods=6079 adapters=616
 compilation: enabled

Compilation events (10 events):
Event: 7.654 Thread 0x00007f4d500bc800 nmethod 6444 0x00007f4d423f4050 code [0x00007f4d423f41a0, 0x00007f4d423f4288]
Event: 7.655 Thread 0x00007f4d500bc800 6451       4       java.lang.reflect.Constructor::newInstance (87 bytes)
Event: 7.655 Thread 0x00007f4d500c1000 nmethod 6447 0x00007f4d423f7790 code [0x00007f4d423f7b00, 0x00007f4d423f9a88]
Event: 7.655 Thread 0x00007f4d500c1000 6448       3       org.gradle.internal.typeconversion.NotationParserBuilder::toType (16 bytes)
Event: 7.655 Thread 0x00007f4d500c1000 nmethod 6448 0x00007f4d423f6c50 code [0x00007f4d423f6e00, 0x00007f4d423f73f0]
Event: 7.655 Thread 0x00007f4d500c1000 6449       3       org.gradle.internal.typeconversion.TypeInfo::<init> (28 bytes)
Event: 7.656 Thread 0x00007f4d500bf800 nmethod 6441 0x00007f4d423f61d0 code [0x00007f4d423f6360, 0x00007f4d423f6888]
Event: 7.656 Thread 0x00007f4d500c1000 nmethod 6449 0x00007f4d423f5490 code [0x00007f4d423f5600, 0x00007f4d423f57d0]
Event: 7.656 Thread 0x00007f4d500c1000 6450       3       org.gradle.internal.typeconversion.NotationParserBuilder::<init> (26 bytes)
Event: 7.656 Thread 0x00007f4d500c1000 nmethod 6450 0x00007f4d423f4c90 code [0x00007f4d423f4e20, 0x00007f4d423f5230]

GC Heap History (10 events):
Event: 3.157 GC heap after
Heap after GC invocations=8 (full 1):
 PSYoungGen      total 76800K, used 7166K [0x00000000e0000000, 0x00000000e7580000, 0x0000000100000000)
  eden space 69632K, 0% used [0x00000000e0000000,0x00000000e0000000,0x00000000e4400000)
  from space 7168K, 99% used [0x00000000e4400000,0x00000000e4aff910,0x00000000e4b00000)
  to   space 8704K, 0% used [0x00000000e6d00000,0x00000000e6d00000,0x00000000e7580000)
 ParOldGen       total 31744K, used 13094K [0x00000000a0000000, 0x00000000a1f00000, 0x00000000e0000000)
  object space 31744K, 41% used [0x00000000a0000000,0x00000000a0cc98b8,0x00000000a1f00000)
 Metaspace       used 26286K, capacity 26766K, committed 27008K, reserved 1073152K
  class space    used 3710K, capacity 3847K, committed 3968K, reserved 1048576K
}
Event: 3.826 GC heap before
{Heap before GC invocations=9 (full 1):
 PSYoungGen      total 76800K, used 76798K [0x00000000e0000000, 0x00000000e7580000, 0x0000000100000000)
  eden space 69632K, 100% used [0x00000000e0000000,0x00000000e4400000,0x00000000e4400000)
  from space 7168K, 99% used [0x00000000e4400000,0x00000000e4aff910,0x00000000e4b00000)
  to   space 8704K, 0% used [0x00000000e6d00000,0x00000000e6d00000,0x00000000e7580000)
 ParOldGen       total 31744K, used 13094K [0x00000000a0000000, 0x00000000a1f00000, 0x00000000e0000000)
  object space 31744K, 41% used [0x00000000a0000000,0x00000000a0cc98b8,0x00000000a1f00000)
 Metaspace       used 27697K, capacity 28230K, committed 28416K, reserved 1073152K
  class space    used 3861K, capacity 4011K, committed 4096K, reserved 1048576K
Event: 3.837 GC heap after
Heap after GC invocations=9 (full 1):
 PSYoungGen      total 106496K, used 5045K [0x00000000e0000000, 0x00000000e7300000, 0x0000000100000000)
  eden space 100352K, 0% used [0x00000000e0000000,0x00000000e0000000,0x00000000e6200000)
  from space 6144K, 82% used [0x00000000e6d00000,0x00000000e71ed708,0x00000000e7300000)
  to   space 8704K, 0% used [0x00000000e6200000,0x00000000e6200000,0x00000000e6a80000)
 ParOldGen       total 31744K, used 13102K [0x00000000a0000000, 0x00000000a1f00000, 0x00000000e0000000)
  object space 31744K, 41% used [0x00000000a0000000,0x00000000a0ccb8b8,0x00000000a1f00000)
 Metaspace       used 27697K, capacity 28230K, committed 28416K, reserved 1073152K
  class space    used 3861K, capacity 4011K, committed 4096K, reserved 1048576K
}
Event: 4.974 GC heap before
{Heap before GC invocations=10 (full 1):
 PSYoungGen      total 106496K, used 101612K [0x00000000e0000000, 0x00000000e7300000, 0x0000000100000000)
  eden space 100352K, 96% used [0x00000000e0000000,0x00000000e5e4dc80,0x00000000e6200000)
  from space 6144K, 82% used [0x00000000e6d00000,0x00000000e71ed708,0x00000000e7300000)
  to   space 8704K, 0% used [0x00000000e6200000,0x00000000e6200000,0x00000000e6a80000)
 ParOldGen       total 31744K, used 13102K [0x00000000a0000000, 0x00000000a1f00000, 0x00000000e0000000)
  object space 31744K, 41% used [0x00000000a0000000,0x00000000a0ccb8b8,0x00000000a1f00000)
 Metaspace       used 34675K, capacity 35208K, committed 35456K, reserved 1079296K
  class space    used 4770K, capacity 4931K, committed 4992K, reserved 1048576K
Event: 4.989 GC heap after
Heap after GC invocations=10 (full 1):
 PSYoungGen      total 109056K, used 8678K [0x00000000e0000000, 0x00000000e9100000, 0x0000000100000000)
  eden space 100352K, 0% used [0x00000000e0000000,0x00000000e0000000,0x00000000e6200000)
  from space 8704K, 99% used [0x00000000e6200000,0x00000000e6a798e0,0x00000000e6a80000)
  to   space 11776K, 0% used [0x00000000e8580000,0x00000000e8580000,0x00000000e9100000)
 ParOldGen       total 31744K, used 17003K [0x00000000a0000000, 0x00000000a1f00000, 0x00000000e0000000)
  object space 31744K, 53% used [0x00000000a0000000,0x00000000a109af98,0x00000000a1f00000)
 Metaspace       used 34675K, capacity 35208K, committed 35456K, reserved 1079296K
  class space    used 4770K, capacity 4931K, committed 4992K, reserved 1048576K
}
Event: 4.989 GC heap before
{Heap before GC invocations=11 (full 2):
 PSYoungGen      total 109056K, used 8678K [0x00000000e0000000, 0x00000000e9100000, 0x0000000100000000)
  eden space 100352K, 0% used [0x00000000e0000000,0x00000000e0000000,0x00000000e6200000)
  from space 8704K, 99% used [0x00000000e6200000,0x00000000e6a798e0,0x00000000e6a80000)
  to   space 11776K, 0% used [0x00000000e8580000,0x00000000e8580000,0x00000000e9100000)
 ParOldGen       total 31744K, used 17003K [0x00000000a0000000, 0x00000000a1f00000, 0x00000000e0000000)
  object space 31744K, 53% used [0x00000000a0000000,0x00000000a109af98,0x00000000a1f00000)
 Metaspace       used 34675K, capacity 35208K, committed 35456K, reserved 1079296K
  class space    used 4770K, capacity 4931K, committed 4992K, reserved 1048576K
Event: 5.045 GC heap after
Heap after GC invocations=11 (full 2):
 PSYoungGen      total 109056K, used 0K [0x00000000e0000000, 0x00000000e9100000, 0x0000000100000000)
  eden space 100352K, 0% used [0x00000000e0000000,0x00000000e0000000,0x00000000e6200000)
  from space 8704K, 0% used [0x00000000e6200000,0x00000000e6200000,0x00000000e6a80000)
  to   space 11776K, 0% used [0x00000000e8580000,0x00000000e8580000,0x00000000e9100000)
 ParOldGen       total 46080K, used 19065K [0x00000000a0000000, 0x00000000a2d00000, 0x00000000e0000000)
  object space 46080K, 41% used [0x00000000a0000000,0x00000000a129e750,0x00000000a2d00000)
 Metaspace       used 34675K, capacity 35208K, committed 35456K, reserved 1079296K
  class space    used 4770K, capacity 4931K, committed 4992K, reserved 1048576K
}
Event: 6.157 GC heap before
{Heap before GC invocations=12 (full 2):
 PSYoungGen      total 109056K, used 100352K [0x00000000e0000000, 0x00000000e9100000, 0x0000000100000000)
  eden space 100352K, 100% used [0x00000000e0000000,0x00000000e6200000,0x00000000e6200000)
  from space 8704K, 0% used [0x00000000e6200000,0x00000000e6200000,0x00000000e6a80000)
  to   space 11776K, 0% used [0x00000000e8580000,0x00000000e8580000,0x00000000e9100000)
 ParOldGen       total 46080K, used 19065K [0x00000000a0000000, 0x00000000a2d00000, 0x00000000e0000000)
  object space 46080K, 41% used [0x00000000a0000000,0x00000000a129e750,0x00000000a2d00000)
 Metaspace       used 43137K, capacity 43978K, committed 44288K, reserved 1087488K
  class space    used 5893K, capacity 6143K, committed 6144K, reserved 1048576K
Event: 6.170 GC heap after
Heap after GC invocations=12 (full 2):
 PSYoungGen      total 135680K, used 9516K [0x00000000e0000000, 0x00000000e9480000, 0x0000000100000000)
  eden space 123904K, 0% used [0x00000000e0000000,0x00000000e0000000,0x00000000e7900000)
  from space 11776K, 80% used [0x00000000e8580000,0x00000000e8ecb3d0,0x00000000e9100000)
  to   space 12800K, 0% used [0x00000000e7900000,0x00000000e7900000,0x00000000e8580000)
 ParOldGen       total 46080K, used 19073K [0x00000000a0000000, 0x00000000a2d00000, 0x00000000e0000000)
  object space 46080K, 41% used [0x00000000a0000000,0x00000000a12a0750,0x00000000a2d00000)
 Metaspace       used 43137K, capacity 43978K, committed 44288K, reserved 1087488K
  class space    used 5893K, capacity 6143K, committed 6144K, reserved 1048576K
}
Event: 7.656 GC heap before
{Heap before GC invocations=13 (full 2):
 PSYoungGen      total 135680K, used 133420K [0x00000000e0000000, 0x00000000e9480000, 0x0000000100000000)
  eden space 123904K, 100% used [0x00000000e0000000,0x00000000e7900000,0x00000000e7900000)
  from space 11776K, 80% used [0x00000000e8580000,0x00000000e8ecb3d0,0x00000000e9100000)
  to   space 12800K, 0% used [0x00000000e7900000,0x00000000e7900000,0x00000000e8580000)
 ParOldGen       total 46080K, used 19073K [0x00000000a0000000, 0x00000000a2d00000, 0x00000000e0000000)
  object space 46080K, 41% used [0x00000000a0000000,0x00000000a12a0750,0x00000000a2d00000)
 Metaspace       used 48737K, capacity 50046K, committed 50304K, reserved 1093632K
  class space    used 6672K, capacity 6983K, committed 7040K, reserved 1048576K

Deoptimization events (10 events):
Event: 7.308 Thread 0x00007f4cf4007000 Uncommon trap: reason=bimorphic action=maybe_recompile pc=0x00007f4d422c1074 method=java.util.HashMap.removeNode(ILjava/lang/Object;Ljava/lang/Object;ZZ)Ljava/util/HashMap$Node; @ 283
Event: 7.308 Thread 0x00007f4cf4007000 Uncommon trap: reason=bimorphic action=maybe_recompile pc=0x00007f4d422c1074 method=java.util.HashMap.removeNode(ILjava/lang/Object;Ljava/lang/Object;ZZ)Ljava/util/HashMap$Node; @ 283
Event: 7.347 Thread 0x00007f4cf4007000 Uncommon trap: reason=bimorphic action=maybe_recompile pc=0x00007f4d42239130 method=java.io.BufferedInputStream.read1([BII)I @ 39
Event: 7.392 Thread 0x00007f4cf4007000 Uncommon trap: reason=bimorphic action=maybe_recompile pc=0x00007f4d42239130 method=java.io.BufferedInputStream.read1([BII)I @ 39
Event: 7.499 Thread 0x00007f4cf4007000 Uncommon trap: reason=bimorphic action=maybe_recompile pc=0x00007f4d42239130 method=java.io.BufferedInputStream.read1([BII)I @ 39
Event: 7.521 Thread 0x00007f4cf4007000 Uncommon trap: reason=predicate action=maybe_recompile pc=0x00007f4d4239d4ac method=java.util.TimSort.binarySort([Ljava/lang/Object;IIILjava/util/Comparator;)V @ 37
Event: 7.617 Thread 0x00007f4cf4007000 Uncommon trap: reason=unstable_if action=reinterpret pc=0x00007f4d4228cb68 method=org.gradle.api.internal.file.pattern.PatternMatcherFactory$PathMatcherBackedSpec.isSatisfiedBy(Lorg/gradle/api/file/RelativePath;)Z @ 11
Event: 7.617 Thread 0x00007f4cf4007000 Uncommon trap: reason=unstable_if action=reinterpret pc=0x00007f4d42291c14 method=org.gradle.api.internal.file.pattern.PatternMatcherFactory$PathMatcherBackedSpec.isSatisfiedBy(Lorg/gradle/api/file/RelativePath;)Z @ 11
Event: 7.618 Thread 0x00007f4cf4007000 Uncommon trap: reason=unstable_if action=reinterpret pc=0x00007f4d42276e50 method=org.gradle.api.internal.file.pattern.FixedStepsPathMatcher.matches([Ljava/lang/String;I)Z @ 70
Event: 7.650 Thread 0x00007f4cf4007000 Uncommon trap: reason=unstable_if action=reinterpret pc=0x00007f4d4228671c method=org.gradle.api.internal.file.pattern.FixedStepsPathMatcher.matches([Ljava/lang/String;I)Z @ 70

Internal exceptions (10 events):
Event: 6.881 Thread 0x00007f4cf4007000 Exception <a 'java/lang/ClassNotFoundException': org/gradle/model/internal/core/NodeBackedModelMapBeanInfo> (0x00000000e4ac2a48) thrown at [/HUDSON3/workspace/8-2-build-linux-amd64/jdk8u112/7884/hotspot/src/share/vm/classfile/systemDictionary.cpp, line 21
Event: 6.881 Thread 0x00007f4cf4007000 Exception <a 'java/lang/ClassNotFoundException': org/gradle/model/internal/core/ModelMapGroovyViewBeanInfo> (0x00000000e4ad2460) thrown at [/HUDSON3/workspace/8-2-build-linux-amd64/jdk8u112/7884/hotspot/src/share/vm/classfile/systemDictionary.cpp, line 21
Event: 6.881 Thread 0x00007f4cf4007000 Exception <a 'java/lang/ClassNotFoundException': org/gradle/model/internal/core/ModelMapGroovyViewCustomizer> (0x00000000e4ae2810) thrown at [/HUDSON3/workspace/8-2-build-linux-amd64/jdk8u112/7884/hotspot/src/share/vm/classfile/systemDictionary.cpp, line 
Event: 6.882 Thread 0x00007f4cf4007000 Exception <a 'java/lang/ClassNotFoundException': org/gradle/model/internal/core/NodeBackedModelMapCustomizer> (0x00000000e4b06358) thrown at [/HUDSON3/workspace/8-2-build-linux-amd64/jdk8u112/7884/hotspot/src/share/vm/classfile/systemDictionary.cpp, line 
Event: 6.884 Thread 0x00007f4cf4007000 Exception <a 'java/lang/ClassNotFoundException': org/gradle/platform/base/BinaryContainer_ImplCustomizer> (0x00000000e4b63708) thrown at [/HUDSON3/workspace/8-2-build-linux-amd64/jdk8u112/7884/hotspot/src/share/vm/classfile/systemDictionary.cpp, line 210]
Event: 6.965 Thread 0x00007f4cf4007000 Exception <a 'java/lang/NoSuchMethodError': <clinit>> (0x00000000e4fa90f0) thrown at [/HUDSON3/workspace/8-2-build-linux-amd64/jdk8u112/7884/hotspot/src/share/vm/prims/jni.cpp, line 1613]
Event: 6.966 Thread 0x00007f4cf4007000 Exception <a 'java/lang/NoSuchMethodError': <clinit>> (0x00000000e4fb60d8) thrown at [/HUDSON3/workspace/8-2-build-linux-amd64/jdk8u112/7884/hotspot/src/share/vm/prims/jni.cpp, line 1613]
Event: 6.998 Thread 0x00007f4cf4007000 Exception <a 'java/lang/NoSuchMethodError': <clinit>> (0x00000000e5188e88) thrown at [/HUDSON3/workspace/8-2-build-linux-amd64/jdk8u112/7884/hotspot/src/share/vm/prims/jni.cpp, line 1613]
Event: 7.000 Thread 0x00007f4cf4007000 Exception <a 'java/lang/NoSuchMethodError': <clinit>> (0x00000000e51a1698) thrown at [/HUDSON3/workspace/8-2-build-linux-amd64/jdk8u112/7884/hotspot/src/share/vm/prims/jni.cpp, line 1613]
Event: 7.000 Thread 0x00007f4cf4007000 Exception <a 'java/lang/NoSuchMethodError': <clinit>> (0x00000000e51a2bb0) thrown at [/HUDSON3/workspace/8-2-build-linux-amd64/jdk8u112/7884/hotspot/src/share/vm/prims/jni.cpp, line 1613]

Events (10 events):
Event: 7.617 Thread 0x00007f4cf4007000 Uncommon trap: trap_request=0xffffff65 fr.pc=0x00007f4d42291c14
Event: 7.617 Thread 0x00007f4cf4007000 DEOPT PACKING pc=0x00007f4d42291c14 sp=0x00007f4d39e61c60
Event: 7.617 Thread 0x00007f4cf4007000 DEOPT UNPACKING pc=0x00007f4d41004f69 sp=0x00007f4d39e61c58 mode 2
Event: 7.618 Thread 0x00007f4cf4007000 Uncommon trap: trap_request=0xffffff65 fr.pc=0x00007f4d42276e50
Event: 7.618 Thread 0x00007f4cf4007000 DEOPT PACKING pc=0x00007f4d42276e50 sp=0x00007f4d39e61b30
Event: 7.618 Thread 0x00007f4cf4007000 DEOPT UNPACKING pc=0x00007f4d41004f69 sp=0x00007f4d39e61a90 mode 2
Event: 7.650 Thread 0x00007f4cf4007000 Uncommon trap: trap_request=0xffffff65 fr.pc=0x00007f4d4228671c
Event: 7.650 Thread 0x00007f4cf4007000 DEOPT PACKING pc=0x00007f4d4228671c sp=0x00007f4d39e61460
Event: 7.650 Thread 0x00007f4cf4007000 DEOPT UNPACKING pc=0x00007f4d41004f69 sp=0x00007f4d39e61428 mode 2
Event: 7.656 Executing VM operation: ParallelGCFailedAllocation


Dynamic libraries:
00400000-00401000 r-xp 00000000 fd:01 210205                             /home/jkokosa/jdk1.8.0_112/bin/java
00600000-00601000 rw-p 00000000 fd:01 210205                             /home/jkokosa/jdk1.8.0_112/bin/java
0179e000-017bf000 rw-p 00000000 00:00 0                                  [heap]
a0000000-a2d00000 rw-p 00000000 00:00 0 
a2d00000-e0000000 ---p 00000000 00:00 0 
e0000000-e9480000 rw-p 00000000 00:00 0 
eb980000-100000000 ---p 00000000 00:00 0 
100000000-1006e0000 rw-p 00000000 00:00 0 
1006e0000-140000000 ---p 00000000 00:00 0 
7f4cd0000000-7f4cd0021000 rw-p 00000000 00:00 0 
7f4cd0021000-7f4cd4000000 ---p 00000000 00:00 0 
7f4cd4000000-7f4cd4021000 rw-p 00000000 00:00 0 
7f4cd4021000-7f4cd8000000 ---p 00000000 00:00 0 
7f4cd8000000-7f4cd8021000 rw-p 00000000 00:00 0 
7f4cd8021000-7f4cdc000000 ---p 00000000 00:00 0 
7f4cdc000000-7f4cdc021000 rw-p 00000000 00:00 0 
7f4cdc021000-7f4ce0000000 ---p 00000000 00:00 0 
7f4ce0000000-7f4ce1712000 rw-p 00000000 00:00 0 
7f4ce1712000-7f4ce4000000 ---p 00000000 00:00 0 
7f4ce4000000-7f4ce4021000 rw-p 00000000 00:00 0 
7f4ce4021000-7f4ce8000000 ---p 00000000 00:00 0 
7f4ce8000000-7f4ce8021000 rw-p 00000000 00:00 0 
7f4ce8021000-7f4cec000000 ---p 00000000 00:00 0 
7f4cec000000-7f4cec021000 rw-p 00000000 00:00 0 
7f4cec021000-7f4cf0000000 ---p 00000000 00:00 0 
7f4cf0000000-7f4cf0073000 rw-p 00000000 00:00 0 
7f4cf0073000-7f4cf4000000 ---p 00000000 00:00 0 
7f4cf4000000-7f4cf4021000 rw-p 00000000 00:00 0 
7f4cf4021000-7f4cf8000000 ---p 00000000 00:00 0 
7f4cf8000000-7f4cf8021000 rw-p 00000000 00:00 0 
7f4cf8021000-7f4cfc000000 ---p 00000000 00:00 0 
7f4cfc000000-7f4cfc021000 rw-p 00000000 00:00 0 
7f4cfc021000-7f4d00000000 ---p 00000000 00:00 0 
7f4d00000000-7f4d00b5e000 rw-p 00000000 00:00 0 
7f4d00b5e000-7f4d04000000 ---p 00000000 00:00 0 
7f4d04000000-7f4d04021000 rw-p 00000000 00:00 0 
7f4d04021000-7f4d08000000 ---p 00000000 00:00 0 
7f4d08000000-7f4d09f13000 rw-p 00000000 00:00 0 
7f4d09f13000-7f4d0c000000 ---p 00000000 00:00 0 
7f4d0c000000-7f4d0ddd7000 rw-p 00000000 00:00 0 
7f4d0ddd7000-7f4d10000000 ---p 00000000 00:00 0 
7f4d10000000-7f4d10021000 rw-p 00000000 00:00 0 
7f4d10021000-7f4d14000000 ---p 00000000 00:00 0 
7f4d14000000-7f4d14021000 rw-p 00000000 00:00 0 
7f4d14021000-7f4d18000000 ---p 00000000 00:00 0 
7f4d18000000-7f4d18290000 rw-p 00000000 00:00 0 
7f4d18290000-7f4d1c000000 ---p 00000000 00:00 0 
7f4d1c000000-7f4d1c021000 rw-p 00000000 00:00 0 
7f4d1c021000-7f4d20000000 ---p 00000000 00:00 0 
7f4d20000000-7f4d20021000 rw-p 00000000 00:00 0 
7f4d20021000-7f4d24000000 ---p 00000000 00:00 0 
7f4d24000000-7f4d24021000 rw-p 00000000 00:00 0 
7f4d24021000-7f4d28000000 ---p 00000000 00:00 0 
7f4d28000000-7f4d28021000 rw-p 00000000 00:00 0 
7f4d28021000-7f4d2c000000 ---p 00000000 00:00 0 
7f4d2c000000-7f4d2c023000 rw-p 00000000 00:00 0 
7f4d2c023000-7f4d30000000 ---p 00000000 00:00 0 
7f4d30000000-7f4d30021000 rw-p 00000000 00:00 0 
7f4d30021000-7f4d34000000 ---p 00000000 00:00 0 
7f4d34503000-7f4d34543000 rw-p 00000000 00:00 0 
7f4d34543000-7f4d34703000 ---p 00000000 00:00 0 
7f4d34703000-7f4d34903000 rw-p 00000000 00:00 0 
7f4d34903000-7f4d34b03000 rw-p 00000000 00:00 0 
7f4d34b03000-7f4d34d03000 rw-p 00000000 00:00 0 
7f4d34d03000-7f4d34f03000 rw-p 00000000 00:00 0 
7f4d34f03000-7f4d34f16000 r--s 00345000 fd:01 210513                     /home/jkokosa/jdk1.8.0_112/jre/lib/resources.jar
7f4d34f16000-7f4d35116000 rw-p 00000000 00:00 0 
7f4d35116000-7f4d35316000 rw-p 00000000 00:00 0 
7f4d35316000-7f4d35516000 rw-p 00000000 00:00 0 
7f4d35516000-7f4d35716000 rw-p 00000000 00:00 0 
7f4d35716000-7f4d35719000 ---p 00000000 00:00 0 
7f4d35719000-7f4d35a17000 rw-p 00000000 00:00 0 
7f4d35a17000-7f4d35a42000 r--s 001fc000 fd:01 208273                     /opt/android-studio/gradle/m2repository/com/google/guava/guava/18.0/guava-18.0.jar
7f4d35a42000-7f4d35a43000 r--s 00001000 fd:01 208384                     /opt/android-studio/gradle/m2repository/com/android/tools/annotations/25.2.2/annotations-25.2.2.jar
7f4d35a43000-7f4d35a55000 r--s 000b3000 fd:01 208669                     /opt/android-studio/gradle/m2repository/com/android/tools/external/com-intellij/uast/145.597.3/uast-145.597.3.jar
7f4d35a55000-7f4d35a5d000 r--s 000a8000 fd:01 208662                     /opt/android-studio/gradle/m2repository/com/android/tools/external/lombok/lombok-ast/0.2.3/lombok-ast-0.2.3.jar
7f4d35a5d000-7f4d35a5f000 r--s 0000d000 fd:01 208884                     /opt/android-studio/gradle/m2repository/commons-codec/commons-codec/1.4/commons-codec-1.4.jar
7f4d35a5f000-7f4d35a61000 r--s 0000d000 fd:01 207935                     /opt/android-studio/gradle/m2repository/commons-logging/commons-logging/1.1.1/commons-logging-1.1.1.jar
7f4d35a61000-7f4d35a66000 r--s 00028000 fd:01 208160                     /opt/android-studio/gradle/m2repository/org/apache/httpcomponents/httpcore/4.1/httpcore-4.1.jar
7f4d35a66000-7f4d35a6a000 r--s 0002f000 fd:01 208303                     /opt/android-studio/gradle/m2repository/com/google/jimfs/jimfs/1.1/jimfs-1.1.jar
7f4d35a6a000-7f4d35a6b000 r--s 00004000 fd:01 208236                     /opt/android-studio/gradle/m2repository/com/intellij/annotations/12.0/annotations-12.0.jar
7f4d35a6b000-7f4d35a6c000 r--s 00004000 fd:01 207982                     /opt/android-studio/gradle/m2repository/org/ow2/asm/asm-analysis/5.0.4/asm-analysis-5.0.4.jar
7f4d35a6c000-7f4d35a70000 r--s 0003b000 fd:01 208775                     /opt/android-studio/gradle/m2repository/com/android/tools/lint/lint-api/25.2.2/lint-api-25.2.2.jar
7f4d35a70000-7f4d35a71000 r--s 0000a000 fd:01 208846                     /opt/android-studio/gradle/m2repository/net/sf/kxml/kxml2/2.3.0/kxml2-2.3.0.jar
7f4d35a71000-7f4d35a73000 r--s 00005000 fd:01 208151                     /opt/android-studio/gradle/m2repository/org/apache/httpcomponents/httpmime/4.1/httpmime-4.1.jar
7f4d35a73000-7f4d35a7b000 r--s 0004e000 fd:01 208171                     /opt/android-studio/gradle/m2repository/org/apache/httpcomponents/httpclient/4.1.1/httpclient-4.1.1.jar
7f4d35a7b000-7f4d35a82000 r--s 00053000 fd:01 208183                     /opt/android-studio/gradle/m2repository/org/apache/commons/commons-compress/1.8.1/commons-compress-1.8.1.jar
7f4d35a82000-7f4d35a87000 r--s 0002a000 fd:01 208291                     /opt/android-studio/gradle/m2repository/com/google/code/gson/gson/2.2.4/gson-2.2.4.jar
7f4d35a87000-7f4d35a8c000 r--s 0002d000 fd:01 208680                     /opt/android-studio/gradle/m2repository/com/android/tools/repository/25.2.2/repository-25.2.2.jar
7f4d35a8c000-7f4d35a8d000 r--s 00005000 fd:01 208637                     /opt/android-studio/gradle/m2repository/com/android/tools/dvlib/25.2.2/dvlib-25.2.2.jar
7f4d35a8d000-7f4d35a92000 r--s 00058000 fd:01 207957                     /opt/android-studio/gradle/m2repository/org/ow2/asm/asm-debug-all/5.0.1/asm-debug-all-5.0.1.jar
7f4d35a92000-7f4d35aa2000 r--s 000d6000 fd:01 208858                     /opt/android-studio/gradle/m2repository/net/sf/proguard/proguard-base/5.2.1/proguard-base-5.2.1.jar
7f4d35aa2000-7f4d35ab9000 r--s 00154000 fd:01 208096                     /opt/android-studio/gradle/m2repository/org/antlr/antlr4/4.5.3/antlr4-4.5.3.jar
7f4d35ab9000-7f4d35acc000 r--s 00236000 fd:01 208041                     /opt/android-studio/gradle/m2repository/org/eclipse/jdt/core/compiler/ecj/4.5.1/ecj-4.5.1.jar
7f4d35acc000-7f4d35aff000 r--s 00203000 fd:01 208103                     /opt/android-studio/gradle/m2repository/org/bouncycastle/bcprov-jdk15on/1.48/bcprov-jdk15on-1.48.jar
7f4d35aff000-7f4d35cff000 rw-p 00000000 00:00 0 
7f4d35cff000-7f4d35d02000 ---p 00000000 00:00 0 
7f4d35d02000-7f4d36000000 rw-p 00000000 00:00 0 
7f4d36000000-7f4d39000000 rw-p 00000000 00:00 0 
7f4d39000000-7f4d39003000 r--s 00014000 fd:01 208551                     /opt/android-studio/gradle/m2repository/com/android/tools/layoutlib/layoutlib-api/25.2.2/layoutlib-api-25.2.2.jar
7f4d39003000-7f4d39006000 r--s 00033000 fd:01 208243                     /opt/android-studio/gradle/m2repository/com/googlecode/juniversalchardet/juniversalchardet/1.0.3/juniversalchardet-1.0.3.jar
7f4d39006000-7f4d3900a000 r--s 0002a000 fd:01 207928                     /opt/android-studio/gradle/m2repository/commons-io/commons-io/2.4/commons-io-2.4.jar
7f4d3900a000-7f4d3900b000 r--s 00002000 fd:01 208327                     /opt/android-studio/gradle/m2repository/com/android/databinding/baseLibrary/2.2.2/baseLibrary-2.2.2.jar
7f4d3900b000-7f4d39012000 r--s 000c3000 fd:01 208732                     /opt/android-studio/gradle/m2repository/com/android/tools/lint/lint-checks/25.2.2/lint-checks-25.2.2.jar
7f4d39012000-7f4d39014000 r--s 00006000 fd:01 207996                     /opt/android-studio/gradle/m2repository/org/ow2/asm/asm-tree/5.0.4/asm-tree-5.0.4.jar
7f4d39014000-7f4d39022000 r--s 00081000 fd:01 208108                     /opt/android-studio/gradle/m2repository/org/bouncycastle/bcpkix-jdk15on/1.48/bcpkix-jdk15on-1.48.jar
7f4d39022000-7f4d39024000 r--s 00002000 fd:01 208251                     /opt/android-studio/gradle/m2repository/com/squareup/javawriter/2.5.0/javawriter-2.5.0.jar
7f4d39024000-7f4d39025000 r--s 00002000 fd:01 208691                     /opt/android-studio/gradle/m2repository/com/android/tools/analytics-library/tracker/25.2.2/tracker-25.2.2.jar
7f4d39025000-7f4d39027000 r--s 00003000 fd:01 208710                     /opt/android-studio/gradle/m2repository/com/android/tools/analytics-library/shared/25.2.2/shared-25.2.2.jar
7f4d39027000-7f4d39034000 r--s 000ed000 fd:01 208700                     /opt/android-studio/gradle/m2repository/com/android/tools/analytics-library/protos/25.2.2/protos-25.2.2.jar
7f4d39034000-7f4d39035000 r--s 00001000 fd:01 208559                     /opt/android-studio/gradle/m2repository/com/android/tools/jill/jill-api/0.10.0/jill-api-0.10.0.jar
7f4d39035000-7f4d39037000 r--s 00003000 fd:01 208807                     /opt/android-studio/gradle/m2repository/com/android/tools/jack/jack-api/0.11.0/jack-api-0.11.0.jar
7f4d39037000-7f4d3903c000 r--s 0004a000 fd:01 208605                     /opt/android-studio/gradle/m2repository/com/android/tools/ddms/ddmlib/25.2.2/ddmlib-25.2.2.jar
7f4d3903c000-7f4d3903f000 r--s 00021000 fd:01 208471                     /opt/android-studio/gradle/m2repository/com/android/tools/build/manifest-merger/25.2.2/manifest-merger-25.2.2.jar
7f4d3903f000-7f4d39041000 r--s 0001c000 fd:01 208830                     /opt/android-studio/gradle/m2repository/com/android/tools/common/25.2.2/common-25.2.2.jar
7f4d39041000-7f4d3904a000 r--s 00083000 fd:01 208583                     /opt/android-studio/gradle/m2repository/com/android/tools/sdk-common/25.2.2/sdk-common-25.2.2.jar
7f4d3904a000-7f4d39055000 r--s 0008e000 fd:01 208795                     /opt/android-studio/gradle/m2repository/com/android/tools/sdklib/25.2.2/sdklib-25.2.2.jar
7f4d39055000-7f4d39056000 r--s 00002000 fd:01 208435                     /opt/android-studio/gradle/m2repository/com/android/tools/build/builder-test-api/2.2.2/builder-test-api-2.2.2.jar
7f4d39056000-7f4d39059000 r--s 00005000 fd:01 208516                     /opt/android-studio/gradle/m2repository/com/android/tools/build/builder-model/2.2.2/builder-model-2.2.2.jar
7f4d39059000-7f4d39061000 r--s 0007b000 fd:01 208283                     /opt/android-studio/gradle/m2repository/com/google/protobuf/protobuf-java/2.5.0/protobuf-java-2.5.0.jar
7f4d39061000-7f4d39063000 r--s 0000f000 fd:01 208839                     /opt/android-studio/gradle/m2repository/net/sf/jopt-simple/jopt-simple/4.9/jopt-simple-4.9.jar
7f4d39063000-7f4d39067000 r--s 0001f000 fd:01 208139                     /opt/android-studio/gradle/m2repository/org/jacoco/org.jacoco.report/0.7.5.201505241946/org.jacoco.report-0.7.5.201505241946.jar
7f4d39067000-7f4d3906b000 r--s 0001d000 fd:01 208124                     /opt/android-studio/gradle/m2repository/org/jacoco/org.jacoco.core/0.7.5.201505241946/org.jacoco.core-0.7.5.201505241946.jar
7f4d3906b000-7f4d3906c000 r--s 00002000 fd:01 208874                     /opt/android-studio/gradle/m2repository/net/sf/proguard/proguard-gradle/5.2.1/proguard-gradle-5.2.1.jar
7f4d3906c000-7f4d3906e000 r--s 00009000 fd:01 208005                     /opt/android-studio/gradle/m2repository/org/ow2/asm/asm-commons/5.0.4/asm-commons-5.0.4.jar
7f4d3906e000-7f4d39070000 r--s 0000c000 fd:01 208028                     /opt/android-studio/gradle/m2repository/org/ow2/asm/asm/5.0.4/asm-5.0.4.jar
7f4d39070000-7f4d39074000 r--s 0002b000 fd:01 208360                     /opt/android-studio/gradle/m2repository/com/android/databinding/compilerCommon/2.2.2/compilerCommon-2.2.2.jar
7f4d39074000-7f4d39075000 r--s 00002000 fd:01 208453                     /opt/android-studio/gradle/m2repository/com/android/tools/build/gradle-api/2.2.2/gradle-api-2.2.2.jar
7f4d39075000-7f4d39076000 r--s 00000000 fd:01 208494                     /opt/android-studio/gradle/m2repository/com/android/tools/build/transform-api/2.0.0-deprecated-use-gradle-api/transform-api-2.0.0-deprecated-use-gradle-api.jar
7f4d39076000-7f4d3907b000 r--s 00053000 fd:01 208754                     /opt/android-studio/gradle/m2repository/com/android/tools/lint/lint/25.2.2/lint-25.2.2.jar
7f4d3907b000-7f4d39092000 r--s 0015d000 fd:01 208418                     /opt/android-studio/gradle/m2repository/com/android/tools/build/builder/2.2.2/builder-2.2.2.jar
7f4d39092000-7f4d390ae000 r--s 0019d000 fd:01 208491                     /opt/android-studio/gradle/m2repository/com/android/tools/build/gradle-core/2.2.2/gradle-core-2.2.2.jar
7f4d390ae000-7f4d390b0000 r--s 0000d000 fd:01 208532                     /opt/android-studio/gradle/m2repository/com/android/tools/build/gradle/2.2.2/gradle-2.2.2.jar
7f4d390b0000-7f4d390b3000 ---p 00000000 00:00 0 
7f4d390b3000-7f4d390e9000 rw-p 00000000 00:00 0 
7f4d390e9000-7f4d390ea000 r--p 00000000 00:00 0 
7f4d390ea000-7f4d392ea000 rw-p 00000000 00:00 0 
7f4d392ea000-7f4d394ea000 rw-p 00000000 00:00 0 
7f4d394ea000-7f4d396ea000 rw-p 00000000 00:00 0 
7f4d396ea000-7f4d398ea000 rw-p 00000000 00:00 0 
7f4d398ea000-7f4d39963000 r--s 010e7000 fd:01 209427                     /home/jkokosa/jdk1.8.0_112/lib/tools.jar
7f4d39963000-7f4d39b63000 rw-p 00000000 00:00 0 
7f4d39b63000-7f4d39b66000 ---p 00000000 00:00 0 
7f4d39b66000-7f4d39c64000 rw-p 00000000 00:00 0 
7f4d39c64000-7f4d39c67000 ---p 00000000 00:00 0 
7f4d39c67000-7f4d39d65000 rw-p 00000000 00:00 0 
7f4d39d65000-7f4d39d68000 ---p 00000000 00:00 0 
7f4d39d68000-7f4d39e66000 rw-p 00000000 00:00 0 
7f4d39e66000-7f4d39e69000 ---p 00000000 00:00 0 
7f4d39e69000-7f4d39f67000 rw-p 00000000 00:00 0 
7f4d39f67000-7f4d39f6a000 ---p 00000000 00:00 0 
7f4d39f6a000-7f4d3a068000 rw-p 00000000 00:00 0 
7f4d3a068000-7f4d3a06b000 ---p 00000000 00:00 0 
7f4d3a06b000-7f4d3a169000 rw-p 00000000 00:00 0 
7f4d3a169000-7f4d3a170000 r--s 00000000 fd:01 263508                     /usr/lib/x86_64-linux-gnu/gconv/gconv-modules.cache
7f4d3a170000-7f4d3a370000 rw-p 00000000 00:00 0 
7f4d3a370000-7f4d3a373000 ---p 00000000 00:00 0 
7f4d3a373000-7f4d3a471000 rw-p 00000000 00:00 0 
7f4d3a471000-7f4d3a474000 ---p 00000000 00:00 0 
7f4d3a474000-7f4d3a572000 rw-p 00000000 00:00 0 
7f4d3a572000-7f4d3a57b000 r-xp 00000000 fd:01 210325                     /home/jkokosa/jdk1.8.0_112/jre/lib/amd64/libmanagement.so
7f4d3a57b000-7f4d3a77a000 ---p 00009000 fd:01 210325                     /home/jkokosa/jdk1.8.0_112/jre/lib/amd64/libmanagement.so
7f4d3a77a000-7f4d3a77b000 rw-p 00008000 fd:01 210325                     /home/jkokosa/jdk1.8.0_112/jre/lib/amd64/libmanagement.so
7f4d3a77b000-7f4d3a780000 r--s 00098000 fd:01 210233                     /home/jkokosa/jdk1.8.0_112/jre/lib/jsse.jar
7f4d3a780000-7f4d3a782000 r--s 00007000 fd:01 42234                      /opt/android-studio/gradle/gradle-2.14.1/lib/plugins/gradle-tooling-api-builders-2.14.1.jar
7f4d3a782000-7f4d3a785000 r--s 00008000 fd:01 42228                      /opt/android-studio/gradle/gradle-2.14.1/lib/plugins/gradle-testing-native-2.14.1.jar
7f4d3a785000-7f4d3a787000 r--s 00009000 fd:01 42309                      /opt/android-studio/gradle/gradle-2.14.1/lib/plugins/hamcrest-core-1.3.jar
7f4d3a787000-7f4d3a78d000 r--s 00033000 fd:01 42239                      /opt/android-studio/gradle/gradle-2.14.1/lib/plugins/snakeyaml-1.6.jar
7f4d3a78d000-7f4d3a78f000 r--s 00006000 fd:01 42260                      /opt/android-studio/gradle/gradle-2.14.1/lib/plugins/jcommander-1.12.jar
7f4d3a78f000-7f4d3a794000 r--s 00040000 fd:01 42237                      /opt/android-studio/gradle/gradle-2.14.1/lib/plugins/bsh-2.0b4.jar
7f4d3a794000-7f4d3a79d000 r--s 00089000 fd:01 42263                      /opt/android-studio/gradle/gradle-2.14.1/lib/plugins/testng-6.3.1.jar
7f4d3a79d000-7f4d3a7a5000 r--s 00045000 fd:01 42268                      /opt/android-studio/gradle/gradle-2.14.1/lib/plugins/junit-4.12.jar
7f4d3a7a5000-7f4d3a7ab000 r--s 0002e000 fd:01 42244                      /opt/android-studio/gradle/gradle-2.14.1/lib/plugins/gradle-testing-jvm-2.14.1.jar
7f4d3a7ab000-7f4d3a7b0000 r--s 00015000 fd:01 42253                      /opt/android-studio/gradle/gradle-2.14.1/lib/plugins/gradle-testing-base-2.14.1.jar
7f4d3a7b0000-7f4d3a7b1000 r--s 00002000 fd:01 42266                      /opt/android-studio/gradle/gradle-2.14.1/lib/plugins/sonar-batch-bootstrapper-2.9.jar
7f4d3a7b1000-7f4d3a7b4000 r--s 00015000 fd:01 42243                      /opt/android-studio/gradle/gradle-2.14.1/lib/plugins/gradle-sonar-2.14.1.jar
7f4d3a7b4000-7f4d3a7bb000 r--s 00038000 fd:01 42284                      /opt/android-studio/gradle/gradle-2.14.1/lib/plugins/bcpg-jdk15on-1.51.jar
7f4d3a7bb000-7f4d3a7bd000 r--s 0000d000 fd:01 42290                      /opt/android-studio/gradle/gradle-2.14.1/lib/plugins/gradle-signing-2.14.1.jar
7f4d3a7bd000-7f4d3a7c0000 r--s 00009000 fd:01 42273                      /opt/android-studio/gradle/gradle-2.14.1/lib/plugins/gradle-scala-2.14.1.jar
7f4d3a7c0000-7f4d3a7c1000 r--s 00004000 fd:01 42297                      /opt/android-studio/gradle/gradle-2.14.1/lib/plugins/gradle-resources-sftp-2.14.1.jar
7f4d3a7c1000-7f4d3a7d1000 r--s 00088000 fd:01 42250                      /opt/android-studio/gradle/gradle-2.14.1/lib/plugins/joda-time-2.8.2.jar
7f4d3a7d1000-7f4d3a7e2000 r--s 000cf000 fd:01 42316                      /opt/android-studio/gradle/gradle-2.14.1/lib/plugins/jackson-databind-2.3.2.jar
7f4d3a7e2000-7f4d3a7e4000 r--s 00007000 fd:01 42279                      /opt/android-studio/gradle/gradle-2.14.1/lib/plugins/jackson-annotations-2.3.2.jar
7f4d3a7e4000-7f4d3a7e7000 r--s 0002e000 fd:01 42286                      /opt/android-studio/gradle/gradle-2.14.1/lib/plugins/jackson-core-2.3.2.jar
7f4d3a7e7000-7f4d3a7f2000 r--s 0006b000 fd:01 42333                      /opt/android-studio/gradle/gradle-2.14.1/lib/plugins/aws-java-sdk-core-1.9.19.jar
7f4d3a7f2000-7f4d3a7f8000 r--s 00036000 fd:01 42278                      /opt/android-studio/gradle/gradle-2.14.1/lib/plugins/aws-java-sdk-kms-1.9.19.jar
7f4d3a7f8000-7f4d3a803000 r--s 00079000 fd:01 42265                      /opt/android-studio/gradle/gradle-2.14.1/lib/plugins/aws-java-sdk-s3-1.9.19.jar
7f4d3a803000-7f4d3a804000 r--s 00003000 fd:01 42312                      /opt/android-studio/gradle/gradle-2.14.1/lib/plugins/gradle-resources-s3-2.14.1.jar
7f4d3a804000-7f4d3a806000 r--s 00005000 fd:01 42307                      /opt/android-studio/gradle/gradle-2.14.1/lib/plugins/jatl-0.2.2.jar
7f4d3a806000-7f4d3a808000 r--s 0000f000 fd:01 42324                      /opt/android-studio/gradle/gradle-2.14.1/lib/plugins/gradle-reporting-2.14.1.jar
7f4d3a808000-7f4d3a80a000 r--s 00002000 fd:01 42283                      /opt/android-studio/gradle/gradle-2.14.1/lib/plugins/gradle-publish-2.14.1.jar
7f4d3a80a000-7f4d3a80c000 r--s 00009000 fd:01 42256                      /opt/android-studio/gradle/gradle-2.14.1/lib/plugins/commons-cli-1.2.jar
7f4d3a80c000-7f4d3a812000 r--s 00033000 fd:01 42267                      /opt/android-studio/gradle/gradle-2.14.1/lib/plugins/gradle-plugins-2.14.1.jar
7f4d3a812000-7f4d3a814000 r--s 00007000 fd:01 42231                      /opt/android-studio/gradle/gradle-2.14.1/lib/plugins/gradle-plugin-development-2.14.1.jar
7f4d3a814000-7f4d3a81a000 r--s 0002a000 fd:01 42289                      /opt/android-studio/gradle/gradle-2.14.1/lib/plugins/gradle-platform-play-2.14.1.jar
7f4d3a81a000-7f4d3a827000 r--s 0004d000 fd:01 42288                      /opt/android-studio/gradle/gradle-2.14.1/lib/plugins/gradle-platform-native-2.14.1.jar
7f4d3a827000-7f4d3a82b000 r--s 0001a000 fd:01 42310                      /opt/android-studio/gradle/gradle-2.14.1/lib/plugins/gradle-platform-jvm-2.14.1.jar
7f4d3a82b000-7f4d3a832000 r--s 00029000 fd:01 42259                      /opt/android-studio/gradle/gradle-2.14.1/lib/plugins/gradle-platform-base-2.14.1.jar
7f4d3a832000-7f4d3a853000 r--s 001c3000 fd:01 42235                      /opt/android-studio/gradle/gradle-2.14.1/lib/plugins/bndlib-2.4.0.jar
7f4d3a853000-7f4d3a855000 r--s 00003000 fd:01 42315                      /opt/android-studio/gradle/gradle-2.14.1/lib/plugins/gradle-osgi-2.14.1.jar
7f4d3a855000-7f4d3a858000 r--s 0000c000 fd:01 42319                      /opt/android-studio/gradle/gradle-2.14.1/lib/plugins/pmaven-groovy-0.8-20100325.jar
7f4d3a858000-7f4d3a859000 r--s 00004000 fd:01 42305                      /opt/android-studio/gradle/gradle-2.14.1/lib/plugins/pmaven-common-0.8-20100325.jar
7f4d3a859000-7f4d3a85f000 r--s 00022000 fd:01 42258                      /opt/android-studio/gradle/gradle-2.14.1/lib/plugins/gradle-maven-2.14.1.jar
7f4d3a85f000-7f4d3a861000 r--s 0000a000 fd:01 42240                      /opt/android-studio/gradle/gradle-2.14.1/lib/plugins/gradle-language-scala-2.14.1.jar
7f4d3a861000-7f4d3a867000 r--s 0001a000 fd:01 42245                      /opt/android-studio/gradle/gradle-2.14.1/lib/plugins/gradle-language-native-2.14.1.jar
7f4d3a867000-7f4d3a869000 r--s 00008000 fd:01 42233                      /opt/android-studio/gradle/gradle-2.14.1/lib/plugins/gradle-language-jvm-2.14.1.jar
7f4d3a869000-7f4d3a86f000 r--s 00024000 fd:01 42306                      /opt/android-studio/gradle/gradle-2.14.1/lib/plugins/gradle-language-java-2.14.1.jar
7f4d3a86f000-7f4d3a871000 r--s 0000a000 fd:01 42287                      /opt/android-studio/gradle/gradle-2.14.1/lib/plugins/gradle-language-groovy-2.14.1.jar
7f4d3a871000-7f4d3a874000 r--s 0001e000 fd:01 42227                      /opt/android-studio/gradle/gradle-2.14.1/lib/plugins/jsp-api-2.1-6.1.14.jar
7f4d3a874000-7f4d3a897000 r--s 00344000 fd:01 42280                      /opt/android-studio/gradle/gradle-2.14.1/lib/plugins/core-3.1.1.jar
7f4d3a897000-7f4d3a898000 r--s 00006000 fd:01 42317                      /opt/android-studio/gradle/gradle-2.14.1/lib/plugins/jetty-naming-6.1.25.jar
7f4d3a898000-7f4d3a899000 r--s 00002000 fd:01 42275                      /opt/android-studio/gradle/gradle-2.14.1/lib/plugins/geronimo-annotation_1.0_spec-1.0.jar
7f4d3a899000-7f4d3a89b000 r--s 00002000 fd:01 42313                      /opt/android-studio/gradle/gradle-2.14.1/lib/plugins/jetty-annotations-6.1.25.jar
7f4d3a89b000-7f4d3a8ac000 r--s 000ea000 fd:01 42326                      /opt/android-studio/gradle/gradle-2.14.1/lib/plugins/jsp-2.1-6.1.14.jar
7f4d3a8ac000-7f4d3a8ae000 r--s 0000d000 fd:01 42281                      /opt/android-studio/gradle/gradle-2.14.1/lib/plugins/jetty-plus-6.1.25.jar
7f4d3a8ae000-7f4d3a8b0000 r--s 0001f000 fd:01 42340                      /opt/android-studio/gradle/gradle-2.14.1/lib/plugins/servlet-api-2.5-20081211.jar
7f4d3a8b0000-7f4d3a8b4000 r--s 00028000 fd:01 42261                      /opt/android-studio/gradle/gradle-2.14.1/lib/plugins/jetty-util-6.1.25.jar
7f4d3a8b4000-7f4d3a8bb000 r--s 0007d000 fd:01 42269                      /opt/android-studio/gradle/gradle-2.14.1/lib/plugins/jetty-6.1.25.jar
7f4d3a8bb000-7f4d3a8bd000 r--s 00009000 fd:01 42322                      /opt/android-studio/gradle/gradle-2.14.1/lib/plugins/gradle-jetty-2.14.1.jar
7f4d3a8bd000-7f4d3a8c4000 r--s 00035000 fd:01 42336                      /opt/android-studio/gradle/gradle-2.14.1/lib/plugins/simple-4.1.21.jar
7f4d3a8c4000-7f4d3a8d0000 r--s 00100000 fd:01 42251                      /opt/android-studio/gradle/gradle-2.14.1/lib/plugins/rhino-1.7R3.jar
7f4d3a8d0000-7f4d3a8d4000 r--s 00011000 fd:01 42304                      /opt/android-studio/gradle/gradle-2.14.1/lib/plugins/gradle-javascript-2.14.1.jar
7f4d3a8d4000-7f4d3a8d6000 r--s 0000c000 fd:01 42338                      /opt/android-studio/gradle/gradle-2.14.1/lib/plugins/gradle-jacoco-2.14.1.jar
7f4d3a8d6000-7f4d3a8d9000 r--s 0000e000 fd:01 42335                      /opt/android-studio/gradle/gradle-2.14.1/lib/plugins/gradle-ivy-2.14.1.jar
7f4d3a8d9000-7f4d3a8da000 r--s 00002000 fd:01 42327                      /opt/android-studio/gradle/gradle-2.14.1/lib/plugins/gradle-ide-play-2.14.1.jar
7f4d3a8da000-7f4d3a8df000 r--s 0002b000 fd:01 42323                      /opt/android-studio/gradle/gradle-2.14.1/lib/plugins/gradle-ide-native-2.14.1.jar
7f4d3a8df000-7f4d3a8ea000 r--s 00066000 fd:01 42241                      /opt/android-studio/gradle/gradle-2.14.1/lib/plugins/gradle-ide-2.14.1.jar
7f4d3a8ea000-7f4d3a8eb000 r--s 00008000 fd:01 42238                      /opt/android-studio/gradle/gradle-2.14.1/lib/plugins/gradle-ear-2.14.1.jar
7f4d3a8eb000-7f4d3a8f1000 r--s 00032000 fd:01 42249                      /opt/android-studio/gradle/gradle-2.14.1/lib/plugins/gradle-diagnostics-2.14.1.jar
7f4d3a8f1000-7f4d3a8f5000 r--s 00021000 fd:01 42325                      /opt/android-studio/gradle/gradle-2.14.1/lib/plugins/gradle-code-quality-2.14.1.jar
7f4d3a8f5000-7f4d3a8f9000 r--s 0001f000 fd:01 42248                      /opt/android-studio/gradle/gradle-2.14.1/lib/plugins/gradle-build-init-2.14.1.jar
7f4d3a8f9000-7f4d3a900000 r--s 0008e000 fd:01 42332                      /opt/android-studio/gradle/gradle-2.14.1/lib/plugins/gradle-build-comparison-2.14.1.jar
7f4d3a900000-7f4d3a902000 r--s 00008000 fd:01 42308                      /opt/android-studio/gradle/gradle-2.14.1/lib/plugins/gradle-antlr-2.14.1.jar
7f4d3a902000-7f4d3a904000 r--s 00004000 fd:01 42334                      /opt/android-studio/gradle/gradle-2.14.1/lib/plugins/gradle-announce-2.14.1.jar
7f4d3a904000-7f4d3a91c000 r--s 00115000 fd:01 42272                      /opt/android-studio/gradle/gradle-2.14.1/lib/plugins/xercesImpl-2.9.1.jar
7f4d3a91c000-7f4d3a924000 r--s 00028000 fd:01 42300                      /opt/android-studio/gradle/gradle-2.14.1/lib/plugins/xml-apis-1.3.04.jar
7f4d3a924000-7f4d3a92a000 r--s 0005b000 fd:01 42291                      /opt/android-studio/gradle/gradle-2.14.1/lib/plugins/jcifs-1.3.17.jar
7f4d3a92a000-7f4d3a931000 r--s 00049000 fd:01 42302                      /opt/android-studio/gradle/gradle-2.14.1/lib/plugins/httpcore-4.4.4.jar
7f4d3a931000-7f4d3a937000 r--s 00033000 fd:01 42247                      /opt/android-studio/gradle/gradle-2.14.1/lib/plugins/commons-codec-1.6.jar
7f4d3a937000-7f4d3a93a000 r--s 0001c000 fd:01 42242                      /opt/android-studio/gradle/gradle-2.14.1/lib/plugins/nekohtml-1.9.14.jar
7f4d3a93a000-7f4d3a947000 r--s 000a4000 fd:01 42320                      /opt/android-studio/gradle/gradle-2.14.1/lib/plugins/httpclient-4.4.1.jar
7f4d3a947000-7f4d3a949000 r--s 0000a000 fd:01 42229                      /opt/android-studio/gradle/gradle-2.14.1/lib/plugins/gradle-resources-http-2.14.1.jar
7f4d3a949000-7f4d3a94d000 r--s 00014000 fd:01 42294                      /opt/android-studio/gradle/gradle-2.14.1/lib/plugins/gradle-plugin-use-2.14.1.jar
7f4d3a94d000-7f4d3a94e000 r--s 00000000 fd:01 42185                      /opt/android-studio/gradle/gradle-2.14.1/lib/gradle-installation-beacon-2.14.1.jar
7f4d3a94e000-7f4d3a94f000 r--s 00007000 fd:01 42257                      /opt/android-studio/gradle/gradle-2.14.1/lib/plugins/wagon-http-shared4-2.4.jar
7f4d3a94f000-7f4d3a953000 r--s 00033000 fd:01 42311                      /opt/android-studio/gradle/gradle-2.14.1/lib/plugins/plexus-utils-2.0.6.jar
7f4d3a953000-7f4d3a957000 r--s 00021000 fd:01 42293                      /opt/android-studio/gradle/gradle-2.14.1/lib/plugins/maven-model-builder-3.0.4.jar
7f4d3a957000-7f4d3a958000 r--s 00002000 fd:01 42246                      /opt/android-studio/gradle/gradle-2.14.1/lib/plugins/wagon-file-2.4.jar
7f4d3a958000-7f4d3a95a000 r--s 00002000 fd:01 42303                      /opt/android-studio/gradle/gradle-2.14.1/lib/plugins/plexus-cipher-1.7.jar
7f4d3a95a000-7f4d3a95d000 r--s 00013000 fd:01 42339                      /opt/android-studio/gradle/gradle-2.14.1/lib/plugins/aether-api-1.13.1.jar
7f4d3a95d000-7f4d3a95f000 r--s 0000a000 fd:01 42262                      /opt/android-studio/gradle/gradle-2.14.1/lib/plugins/maven-settings-3.0.4.jar
7f4d3a95f000-7f4d3a961000 r--s 0000d000 fd:01 42295                      /opt/android-studio/gradle/gradle-2.14.1/lib/plugins/plexus-interpolation-1.14.jar
7f4d3a961000-7f4d3a963000 r--s 0000b000 fd:01 42318                      /opt/android-studio/gradle/gradle-2.14.1/lib/plugins/maven-artifact-3.0.4.jar
7f4d3a963000-7f4d3a96a000 r--s 0002e000 fd:01 42254                      /opt/android-studio/gradle/gradle-2.14.1/lib/plugins/plexus-container-default-1.5.5.jar
7f4d3a96a000-7f4d3a96c000 r--s 0000b000 fd:01 42282                      /opt/android-studio/gradle/gradle-2.14.1/lib/plugins/maven-plugin-api-3.0.4.jar
7f4d3a96c000-7f4d3a96e000 r--s 00000000 fd:01 42285                      /opt/android-studio/gradle/gradle-2.14.1/lib/plugins/plexus-component-annotations-1.5.5.jar
7f4d3a96e000-7f4d3a974000 r--s 0003f000 fd:01 42296                      /opt/android-studio/gradle/gradle-2.14.1/lib/plugins/maven-compat-3.0.4.jar
7f4d3a974000-7f4d3a977000 r--s 00008000 fd:01 42270                      /opt/android-studio/gradle/gradle-2.14.1/lib/plugins/maven-settings-builder-3.0.4.jar
7f4d3a977000-7f4d3a979000 r--s 00026000 fd:01 42337                      /opt/android-studio/gradle/gradle-2.14.1/lib/plugins/maven-model-3.0.4.jar
7f4d3a979000-7f4d3a97b000 r--s 00006000 fd:01 42314                      /opt/android-studio/gradle/gradle-2.14.1/lib/plugins/aether-connector-wagon-1.13.1.jar
7f4d3a97b000-7f4d3a97d000 r--s 0000a000 fd:01 42255                      /opt/android-studio/gradle/gradle-2.14.1/lib/plugins/plexus-classworlds-2.4.jar
7f4d3a97d000-7f4d3a97f000 r--s 00006000 fd:01 42298                      /opt/android-studio/gradle/gradle-2.14.1/lib/plugins/maven-repository-metadata-3.0.4.jar
7f4d3a97f000-7f4d3a981000 r--s 0000c000 fd:01 42274                      /opt/android-studio/gradle/gradle-2.14.1/lib/plugins/maven-aether-provider-3.0.4.jar
7f4d3a981000-7f4d3a983000 r--s 0000b000 fd:01 42264                      /opt/android-studio/gradle/gradle-2.14.1/lib/plugins/wagon-provider-api-2.4.jar
7f4d3a983000-7f4d3a987000 r--s 0001c000 fd:01 42328                      /opt/android-studio/gradle/gradle-2.14.1/lib/plugins/aether-util-1.13.1.jar
7f4d3a987000-7f4d3a98a000 r--s 0001d000 fd:01 42292                      /opt/android-studio/gradle/gradle-2.14.1/lib/plugins/aether-impl-1.13.1.jar
7f4d3a98a000-7f4d3a98f000 r--s 00040000 fd:01 42232                      /opt/android-studio/gradle/gradle-2.14.1/lib/plugins/jsch-0.1.53.jar
7f4d3a98f000-7f4d3a9cf000 r--s 00277000 fd:01 42236                      /opt/android-studio/gradle/gradle-2.14.1/lib/plugins/bcprov-jdk15on-1.51.jar
7f4d3a9cf000-7f4d3a9d3000 r--s 0001d000 fd:01 42277                      /opt/android-studio/gradle/gradle-2.14.1/lib/plugins/xbean-reflect-3.4.jar
7f4d3a9d3000-7f4d3a9df000 r--s 0007d000 fd:01 42301                      /opt/android-studio/gradle/gradle-2.14.1/lib/plugins/maven-core-3.0.4.jar
7f4d3a9df000-7f4d3a9fb000 r--s 000d3000 fd:01 42276                      /opt/android-studio/gradle/gradle-2.14.1/lib/plugins/gradle-dependency-management-2.14.1.jar
7f4d3a9fb000-7f4d3aa11000 r-xp 00000000 fd:01 1338                       /lib/x86_64-linux-gnu/libgcc_s.so.1
7f4d3aa11000-7f4d3ac10000 ---p 00016000 fd:01 1338                       /lib/x86_64-linux-gnu/libgcc_s.so.1
7f4d3ac10000-7f4d3ac11000 rw-p 00015000 fd:01 1338                       /lib/x86_64-linux-gnu/libgcc_s.so.1
7f4d3ac11000-7f4d3ad83000 r-xp 00000000 fd:01 263321                     /usr/lib/x86_64-linux-gnu/libstdc++.so.6.0.21
7f4d3ad83000-7f4d3af83000 ---p 00172000 fd:01 263321                     /usr/lib/x86_64-linux-gnu/libstdc++.so.6.0.21
7f4d3af83000-7f4d3af8d000 r--p 00172000 fd:01 263321                     /usr/lib/x86_64-linux-gnu/libstdc++.so.6.0.21
7f4d3af8d000-7f4d3af8f000 rw-p 0017c000 fd:01 263321                     /usr/lib/x86_64-linux-gnu/libstdc++.so.6.0.21
7f4d3af8f000-7f4d3af93000 rw-p 00000000 00:00 0 
7f4d3af93000-7f4d3af94000 r--s 00002000 fd:01 42226                      /opt/android-studio/gradle/gradle-2.14.1/lib/plugins/wagon-http-2.4.jar
7f4d3af94000-7f4d3af95000 r--s 00003000 fd:01 42230                      /opt/android-studio/gradle/gradle-2.14.1/lib/plugins/aether-spi-1.13.1.jar
7f4d3af95000-7f4d3af96000 r--s 00006000 fd:01 42299                      /opt/android-studio/gradle/gradle-2.14.1/lib/plugins/plexus-sec-dispatcher-1.3.jar
7f4d3af96000-7f4d3af9b000 r--s 0002a000 fd:01 42271                      /opt/android-studio/gradle/gradle-2.14.1/lib/plugins/gson-2.2.4.jar
7f4d3af9b000-7f4d3afaa000 r--s 000d9000 fd:01 42252                      /opt/android-studio/gradle/gradle-2.14.1/lib/plugins/ivy-2.2.0.jar
7f4d3afaa000-7f4d3afae000 r-xp 00000000 fd:01 58383                      /home/jkokosa/.gradle/native/19/linux-amd64/libnative-platform.so
7f4d3afae000-7f4d3b1ad000 ---p 00004000 fd:01 58383                      /home/jkokosa/.gradle/native/19/linux-amd64/libnative-platform.so
7f4d3b1ad000-7f4d3b1ae000 rw-p 00003000 fd:01 58383                      /home/jkokosa/.gradle/native/19/linux-amd64/libnative-platform.so
7f4d3b1ae000-7f4d3b1bf000 r-xp 00000000 fd:01 210314                     /home/jkokosa/jdk1.8.0_112/jre/lib/amd64/libnio.so
7f4d3b1bf000-7f4d3b3be000 ---p 00011000 fd:01 210314                     /home/jkokosa/jdk1.8.0_112/jre/lib/amd64/libnio.so
7f4d3b3be000-7f4d3b3bf000 rw-p 00010000 fd:01 210314                     /home/jkokosa/jdk1.8.0_112/jre/lib/amd64/libnio.so
7f4d3b3bf000-7f4d3b6c0000 rw-p 00000000 00:00 0 
7f4d3b6c0000-7f4d3b6d6000 r-xp 00000000 fd:01 210289                     /home/jkokosa/jdk1.8.0_112/jre/lib/amd64/libnet.so
7f4d3b6d6000-7f4d3b8d6000 ---p 00016000 fd:01 210289                     /home/jkokosa/jdk1.8.0_112/jre/lib/amd64/libnet.so
7f4d3b8d6000-7f4d3b8d7000 rw-p 00016000 fd:01 210289                     /home/jkokosa/jdk1.8.0_112/jre/lib/amd64/libnet.so
7f4d3b8d7000-7f4d3b8d9000 r--s 00005000 fd:01 42195                      /opt/android-studio/gradle/gradle-2.14.1/lib/gradle-wrapper-2.14.1.jar
7f4d3b8d9000-7f4d3b8e7000 r--s 0004f000 fd:01 42180                      /opt/android-studio/gradle/gradle-2.14.1/lib/gradle-tooling-api-2.14.1.jar
7f4d3b8e7000-7f4d3b8e9000 r--s 00002000 fd:01 42184                      /opt/android-studio/gradle/gradle-2.14.1/lib/gradle-open-api-2.14.1.jar
7f4d3b8e9000-7f4d3b8ef000 r--s 00032000 fd:01 42218                      /opt/android-studio/gradle/gradle-2.14.1/lib/jaxen-1.1.jar
7f4d3b8ef000-7f4d3b8f4000 r--s 00048000 fd:01 42183                      /opt/android-studio/gradle/gradle-2.14.1/lib/dom4j-1.6.1.jar
7f4d3b8f4000-7f4d3b8ff000 r--s 00059000 fd:01 42212                      /opt/android-studio/gradle/gradle-2.14.1/lib/gradle-ui-2.14.1.jar
7f4d3b8ff000-7f4d3b902000 r--s 0000b000 fd:01 42341                      /opt/android-studio/gradle/gradle-2.14.1/lib/gradle-resources-2.14.1.jar
7f4d3b902000-7f4d3b904000 r--s 00003000 fd:01 42221                      /opt/android-studio/gradle/gradle-2.14.1/lib/jcl-over-slf4j-1.7.10.jar
7f4d3b904000-7f4d3b905000 r--s 00005000 fd:01 42215                      /opt/android-studio/gradle/gradle-2.14.1/lib/log4j-over-slf4j-1.7.10.jar
7f4d3b905000-7f4d3b907000 r--s 00000000 fd:01 42342                      /opt/android-studio/gradle/gradle-2.14.1/lib/jul-to-slf4j-1.7.10.jar
7f4d3b907000-7f4d3b90c000 r--s 0001c000 fd:01 42193                      /opt/android-studio/gradle/gradle-2.14.1/lib/gradle-logging-2.14.1.jar
7f4d3b90c000-7f4d3b90e000 r--s 00007000 fd:01 42224                      /opt/android-studio/gradle/gradle-2.14.1/lib/objenesis-1.2.jar
7f4d3b90e000-7f4d3b910000 r--s 00000000 fd:01 42188                      /opt/android-studio/gradle/gradle-2.14.1/lib/minlog-1.2.jar
7f4d3b910000-7f4d3b912000 r--s 0000f000 fd:01 42199                      /opt/android-studio/gradle/gradle-2.14.1/lib/reflectasm-1.07-shaded.jar
7f4d3b912000-7f4d3b916000 r--s 00026000 fd:01 42213                      /opt/android-studio/gradle/gradle-2.14.1/lib/kryo-2.20.jar
7f4d3b916000-7f4d3b91c000 r--s 00025000 fd:01 42182                      /opt/android-studio/gradle/gradle-2.14.1/lib/gradle-messaging-2.14.1.jar
7f4d3b91c000-7f4d3b91d000 r--s 00003000 fd:01 42220                      /opt/android-studio/gradle/gradle-2.14.1/lib/native-platform-freebsd-amd64-0.10.jar
7f4d3b91d000-7f4d3b92c000 r--s 00080000 fd:01 42208                      /opt/android-studio/gradle/gradle-2.14.1/lib/gradle-model-core-2.14.1.jar
7f4d3b92c000-7f4d3b99b000 r--s 0063e000 fd:01 42345                      /opt/android-studio/gradle/gradle-2.14.1/lib/groovy-all-2.4.4.jar
7f4d3b99b000-7f4d3b9c3000 r--s 001cf000 fd:01 42196                      /opt/android-studio/gradle/gradle-2.14.1/lib/guava-jdk5-17.0.jar
7f4d3b9c3000-7f4d3b9fa000 r--s 001bd000 fd:01 42197                      /opt/android-studio/gradle/gradle-2.14.1/lib/gradle-core-2.14.1.jar
7f4d3b9fa000-7f4d3b9fb000 ---p 00000000 00:00 0 
7f4d3b9fb000-7f4d3bafb000 rw-p 00000000 00:00 0 
7f4d3bafb000-7f4d3bafe000 ---p 00000000 00:00 0 
7f4d3bafe000-7f4d3bbfc000 rw-p 00000000 00:00 0 
7f4d3bbfc000-7f4d3bbff000 ---p 00000000 00:00 0 
7f4d3bbff000-7f4d3bcfd000 rw-p 00000000 00:00 0 
7f4d3bcfd000-7f4d3bd00000 ---p 00000000 00:00 0 
7f4d3bd00000-7f4d3bdfe000 rw-p 00000000 00:00 0 
7f4d3bdfe000-7f4d3be01000 ---p 00000000 00:00 0 
7f4d3be01000-7f4d3beff000 rw-p 00000000 00:00 0 
7f4d3beff000-7f4d3bf02000 ---p 00000000 00:00 0 
7f4d3bf02000-7f4d3c000000 rw-p 00000000 00:00 0 
7f4d3c000000-7f4d3c021000 rw-p 00000000 00:00 0 
7f4d3c021000-7f4d40000000 ---p 00000000 00:00 0 
7f4d40000000-7f4d40001000 r--s 00003000 fd:01 42202                      /opt/android-studio/gradle/gradle-2.14.1/lib/native-platform-freebsd-i386-0.10.jar
7f4d40001000-7f4d40002000 r--s 00005000 fd:01 42190                      /opt/android-studio/gradle/gradle-2.14.1/lib/native-platform-windows-i386-0.10.jar
7f4d40002000-7f4d40003000 r--s 00005000 fd:01 42189                      /opt/android-studio/gradle/gradle-2.14.1/lib/native-platform-windows-amd64-0.10.jar
7f4d40003000-7f4d40004000 r--s 00003000 fd:01 42203                      /opt/android-studio/gradle/gradle-2.14.1/lib/native-platform-linux-i386-0.10.jar
7f4d40004000-7f4d40005000 r--s 00003000 fd:01 42187                      /opt/android-studio/gradle/gradle-2.14.1/lib/native-platform-linux-amd64-0.10.jar
7f4d40005000-7f4d40007000 r--s 00008000 fd:01 42217                      /opt/android-studio/gradle/gradle-2.14.1/lib/jansi-1.2.1.jar
7f4d40007000-7f4d4000a000 r--s 0000d000 fd:01 42211                      /opt/android-studio/gradle/gradle-2.14.1/lib/native-platform-0.10.jar
7f4d4000a000-7f4d4000e000 r--s 000e4000 fd:01 42210                      /opt/android-studio/gradle/gradle-2.14.1/lib/jna-3.2.7.jar
7f4d4000e000-7f4d4001b000 r--s 00083000 fd:01 42343                      /opt/android-studio/gradle/gradle-2.14.1/lib/commons-collections-3.2.2.jar
7f4d4001b000-7f4d402f3000 r--p 00000000 fd:01 263208                     /usr/lib/locale/locale-archive
7f4d402f3000-7f4d402f6000 ---p 00000000 00:00 0 
7f4d402f6000-7f4d403f4000 rw-p 00000000 00:00 0 
7f4d403f4000-7f4d403f7000 ---p 00000000 00:00 0 
7f4d403f7000-7f4d404f5000 rw-p 00000000 00:00 0 
7f4d404f5000-7f4d404f6000 ---p 00000000 00:00 0 
7f4d404f6000-7f4d41000000 rw-p 00000000 00:00 0 
7f4d41000000-7f4d42400000 rwxp 00000000 00:00 0 
7f4d42400000-7f4d50000000 ---p 00000000 00:00 0 
7f4d50000000-7f4d50bb1000 rw-p 00000000 00:00 0 
7f4d50bb1000-7f4d54000000 ---p 00000000 00:00 0 
7f4d54000000-7f4d54001000 r--s 00002000 fd:01 42186                      /opt/android-studio/gradle/gradle-2.14.1/lib/native-platform-osx-amd64-0.10.jar
7f4d54001000-7f4d54003000 r--s 00009000 fd:01 42222                      /opt/android-studio/gradle/gradle-2.14.1/lib/gradle-native-2.14.1.jar
7f4d54003000-7f4d54005000 r--s 00005000 fd:01 42223                      /opt/android-studio/gradle/gradle-2.14.1/lib/gradle-cli-2.14.1.jar
7f4d54005000-7f4d54024000 r--s 001d1000 fd:01 42194                      /opt/android-studio/gradle/gradle-2.14.1/lib/ant-1.9.6.jar
7f4d54024000-7f4d54c44000 rw-p 00000000 00:00 0 
7f4d54c44000-7f4d54e1d000 r--s 03d2c000 fd:01 210281                     /home/jkokosa/jdk1.8.0_112/jre/lib/rt.jar
7f4d54e1d000-7f4d55993000 rw-p 00000000 00:00 0 
7f4d55993000-7f4d55994000 ---p 00000000 00:00 0 
7f4d55994000-7f4d55a94000 rw-p 00000000 00:00 0 
7f4d55a94000-7f4d55a95000 ---p 00000000 00:00 0 
7f4d55a95000-7f4d55b95000 rw-p 00000000 00:00 0 
7f4d55b95000-7f4d55b96000 ---p 00000000 00:00 0 
7f4d55b96000-7f4d55c96000 rw-p 00000000 00:00 0 
7f4d55c96000-7f4d55c97000 ---p 00000000 00:00 0 
7f4d55c97000-7f4d55d97000 rw-p 00000000 00:00 0 
7f4d55d97000-7f4d55d98000 ---p 00000000 00:00 0 
7f4d55d98000-7f4d55e98000 rw-p 00000000 00:00 0 
7f4d55e98000-7f4d55e99000 ---p 00000000 00:00 0 
7f4d55e99000-7f4d55fb0000 rw-p 00000000 00:00 0 
7f4d55fb0000-7f4d56199000 ---p 00000000 00:00 0 
7f4d56199000-7f4d561b0000 rw-p 00000000 00:00 0 
7f4d561b0000-7f4d56399000 ---p 00000000 00:00 0 
7f4d56399000-7f4d563e4000 rw-p 00000000 00:00 0 
7f4d563e4000-7f4d56499000 ---p 00000000 00:00 0 
7f4d56499000-7f4d564ea000 rw-p 00000000 00:00 0 
7f4d564ea000-7f4d5685a000 ---p 00000000 00:00 0 
7f4d5685a000-7f4d56874000 r-xp 00000000 fd:01 210312                     /home/jkokosa/jdk1.8.0_112/jre/lib/amd64/libzip.so
7f4d56874000-7f4d56a74000 ---p 0001a000 fd:01 210312                     /home/jkokosa/jdk1.8.0_112/jre/lib/amd64/libzip.so
7f4d56a74000-7f4d56a75000 rw-p 0001a000 fd:01 210312                     /home/jkokosa/jdk1.8.0_112/jre/lib/amd64/libzip.so
7f4d56a75000-7f4d56a80000 r-xp 00000000 fd:01 331                        /lib/x86_64-linux-gnu/libnss_files-2.23.so
7f4d56a80000-7f4d56c7f000 ---p 0000b000 fd:01 331                        /lib/x86_64-linux-gnu/libnss_files-2.23.so
7f4d56c7f000-7f4d56c80000 r--p 0000a000 fd:01 331                        /lib/x86_64-linux-gnu/libnss_files-2.23.so
7f4d56c80000-7f4d56c81000 rw-p 0000b000 fd:01 331                        /lib/x86_64-linux-gnu/libnss_files-2.23.so
7f4d56c81000-7f4d56c87000 rw-p 00000000 00:00 0 
7f4d56c87000-7f4d56c92000 r-xp 00000000 fd:01 328                        /lib/x86_64-linux-gnu/libnss_nis-2.23.so
7f4d56c92000-7f4d56e91000 ---p 0000b000 fd:01 328                        /lib/x86_64-linux-gnu/libnss_nis-2.23.so
7f4d56e91000-7f4d56e92000 r--p 0000a000 fd:01 328                        /lib/x86_64-linux-gnu/libnss_nis-2.23.so
7f4d56e92000-7f4d56e93000 rw-p 0000b000 fd:01 328                        /lib/x86_64-linux-gnu/libnss_nis-2.23.so
7f4d56e93000-7f4d56ea9000 r-xp 00000000 fd:01 324                        /lib/x86_64-linux-gnu/libnsl-2.23.so
7f4d56ea9000-7f4d570a8000 ---p 00016000 fd:01 324                        /lib/x86_64-linux-gnu/libnsl-2.23.so
7f4d570a8000-7f4d570a9000 r--p 00015000 fd:01 324                        /lib/x86_64-linux-gnu/libnsl-2.23.so
7f4d570a9000-7f4d570aa000 rw-p 00016000 fd:01 324                        /lib/x86_64-linux-gnu/libnsl-2.23.so
7f4d570aa000-7f4d570ac000 rw-p 00000000 00:00 0 
7f4d570ac000-7f4d570b4000 r-xp 00000000 fd:01 316                        /lib/x86_64-linux-gnu/libnss_compat-2.23.so
7f4d570b4000-7f4d572b3000 ---p 00008000 fd:01 316                        /lib/x86_64-linux-gnu/libnss_compat-2.23.so
7f4d572b3000-7f4d572b4000 r--p 00007000 fd:01 316                        /lib/x86_64-linux-gnu/libnss_compat-2.23.so
7f4d572b4000-7f4d572b5000 rw-p 00008000 fd:01 316                        /lib/x86_64-linux-gnu/libnss_compat-2.23.so
7f4d572b5000-7f4d572e0000 r-xp 00000000 fd:01 210339                     /home/jkokosa/jdk1.8.0_112/jre/lib/amd64/libjava.so
7f4d572e0000-7f4d574df000 ---p 0002b000 fd:01 210339                     /home/jkokosa/jdk1.8.0_112/jre/lib/amd64/libjava.so
7f4d574df000-7f4d574e1000 rw-p 0002a000 fd:01 210339                     /home/jkokosa/jdk1.8.0_112/jre/lib/amd64/libjava.so
7f4d574e1000-7f4d574ee000 r-xp 00000000 fd:01 210290                     /home/jkokosa/jdk1.8.0_112/jre/lib/amd64/libverify.so
7f4d574ee000-7f4d576ed000 ---p 0000d000 fd:01 210290                     /home/jkokosa/jdk1.8.0_112/jre/lib/amd64/libverify.so
7f4d576ed000-7f4d576ef000 rw-p 0000c000 fd:01 210290                     /home/jkokosa/jdk1.8.0_112/jre/lib/amd64/libverify.so
7f4d576ef000-7f4d576f6000 r-xp 00000000 fd:01 363                        /lib/x86_64-linux-gnu/librt-2.23.so
7f4d576f6000-7f4d578f5000 ---p 00007000 fd:01 363                        /lib/x86_64-linux-gnu/librt-2.23.so
7f4d578f5000-7f4d578f6000 r--p 00006000 fd:01 363                        /lib/x86_64-linux-gnu/librt-2.23.so
7f4d578f6000-7f4d578f7000 rw-p 00007000 fd:01 363                        /lib/x86_64-linux-gnu/librt-2.23.so
7f4d578f7000-7f4d579ff000 r-xp 00000000 fd:01 352                        /lib/x86_64-linux-gnu/libm-2.23.so
7f4d579ff000-7f4d57bfe000 ---p 00108000 fd:01 352                        /lib/x86_64-linux-gnu/libm-2.23.so
7f4d57bfe000-7f4d57bff000 r--p 00107000 fd:01 352                        /lib/x86_64-linux-gnu/libm-2.23.so
7f4d57bff000-7f4d57c00000 rw-p 00108000 fd:01 352                        /lib/x86_64-linux-gnu/libm-2.23.so
7f4d57c00000-7f4d588ce000 r-xp 00000000 fd:01 210343                     /home/jkokosa/jdk1.8.0_112/jre/lib/amd64/server/libjvm.so
7f4d588ce000-7f4d58ace000 ---p 00cce000 fd:01 210343                     /home/jkokosa/jdk1.8.0_112/jre/lib/amd64/server/libjvm.so
7f4d58ace000-7f4d58ba7000 rw-p 00cce000 fd:01 210343                     /home/jkokosa/jdk1.8.0_112/jre/lib/amd64/server/libjvm.so
7f4d58ba7000-7f4d58bf2000 rw-p 00000000 00:00 0 
7f4d58bf2000-7f4d58db1000 r-xp 00000000 fd:01 372                        /lib/x86_64-linux-gnu/libc-2.23.so
7f4d58db1000-7f4d58fb1000 ---p 001bf000 fd:01 372                        /lib/x86_64-linux-gnu/libc-2.23.so
7f4d58fb1000-7f4d58fb5000 r--p 001bf000 fd:01 372                        /lib/x86_64-linux-gnu/libc-2.23.so
7f4d58fb5000-7f4d58fb7000 rw-p 001c3000 fd:01 372                        /lib/x86_64-linux-gnu/libc-2.23.so
7f4d58fb7000-7f4d58fbb000 rw-p 00000000 00:00 0 
7f4d58fbb000-7f4d58fbe000 r-xp 00000000 fd:01 373                        /lib/x86_64-linux-gnu/libdl-2.23.so
7f4d58fbe000-7f4d591bd000 ---p 00003000 fd:01 373                        /lib/x86_64-linux-gnu/libdl-2.23.so
7f4d591bd000-7f4d591be000 r--p 00002000 fd:01 373                        /lib/x86_64-linux-gnu/libdl-2.23.so
7f4d591be000-7f4d591bf000 rw-p 00003000 fd:01 373                        /lib/x86_64-linux-gnu/libdl-2.23.so
7f4d591bf000-7f4d591d4000 r-xp 00000000 fd:01 209424                     /home/jkokosa/jdk1.8.0_112/lib/amd64/jli/libjli.so
7f4d591d4000-7f4d593d4000 ---p 00015000 fd:01 209424                     /home/jkokosa/jdk1.8.0_112/lib/amd64/jli/libjli.so
7f4d593d4000-7f4d593d5000 rw-p 00015000 fd:01 209424                     /home/jkokosa/jdk1.8.0_112/lib/amd64/jli/libjli.so
7f4d593d5000-7f4d593ed000 r-xp 00000000 fd:01 370                        /lib/x86_64-linux-gnu/libpthread-2.23.so
7f4d593ed000-7f4d595ec000 ---p 00018000 fd:01 370                        /lib/x86_64-linux-gnu/libpthread-2.23.so
7f4d595ec000-7f4d595ed000 r--p 00017000 fd:01 370                        /lib/x86_64-linux-gnu/libpthread-2.23.so
7f4d595ed000-7f4d595ee000 rw-p 00018000 fd:01 370                        /lib/x86_64-linux-gnu/libpthread-2.23.so
7f4d595ee000-7f4d595f2000 rw-p 00000000 00:00 0 
7f4d595f2000-7f4d59618000 r-xp 00000000 fd:01 367                        /lib/x86_64-linux-gnu/ld-2.23.so
7f4d59618000-7f4d59619000 r--s 00002000 fd:01 42216                      /opt/android-studio/gradle/gradle-2.14.1/lib/native-platform-osx-i386-0.10.jar
7f4d59619000-7f4d5961b000 r--s 00007000 fd:01 42192                      /opt/android-studio/gradle/gradle-2.14.1/lib/gradle-model-groovy-2.14.1.jar
7f4d5961b000-7f4d5961c000 r--s 00006000 fd:01 42207                      /opt/android-studio/gradle/gradle-2.14.1/lib/gradle-base-services-groovy-2.14.1.jar
7f4d5961c000-7f4d5961d000 r--s 00002000 fd:01 42200                      /opt/android-studio/gradle/gradle-2.14.1/lib/gradle-docs-2.14.1.jar
7f4d5961d000-7f4d5961e000 r--s 00000000 fd:01 42344                      /opt/android-studio/gradle/gradle-2.14.1/lib/javax.inject-1.jar
7f4d5961e000-7f4d5961f000 r--s 00000000 fd:01 42198                      /opt/android-studio/gradle/gradle-2.14.1/lib/jcip-annotations-1.0.jar
7f4d5961f000-7f4d59623000 r--s 00027000 fd:01 42214                      /opt/android-studio/gradle/gradle-2.14.1/lib/commons-io-2.2.jar
7f4d59623000-7f4d59628000 r--s 00038000 fd:01 42204                      /opt/android-studio/gradle/gradle-2.14.1/lib/asm-all-5.1.jar
7f4d59628000-7f4d59629000 r--s 00001000 fd:01 42219                      /opt/android-studio/gradle/gradle-2.14.1/lib/gradle-process-services-2.14.1.jar
7f4d59629000-7f4d5962a000 r--s 00000000 fd:01 42181                      /opt/android-studio/gradle/gradle-2.14.1/lib/gradle-jvm-services-2.14.1.jar
7f4d5962a000-7f4d5962f000 r--s 00041000 fd:01 42206                      /opt/android-studio/gradle/gradle-2.14.1/lib/commons-lang-2.6.jar
7f4d5962f000-7f4d59637000 r--s 0003a000 fd:01 42205                      /opt/android-studio/gradle/gradle-2.14.1/lib/gradle-base-services-2.14.1.jar
7f4d59637000-7f4d596f9000 rw-p 00000000 00:00 0 
7f4d596f9000-7f4d596fc000 ---p 00000000 00:00 0 
7f4d596fc000-7f4d597fe000 rw-p 00000000 00:00 0 
7f4d597fe000-7f4d597ff000 r--s 00007000 fd:01 42191                      /opt/android-studio/gradle/gradle-2.14.1/lib/slf4j-api-1.7.10.jar
7f4d597ff000-7f4d59800000 r--s 00004000 fd:01 42209                      /opt/android-studio/gradle/gradle-2.14.1/lib/ant-launcher-1.9.6.jar
7f4d59800000-7f4d5980b000 r--s 00051000 fd:01 42201                      /opt/android-studio/gradle/gradle-2.14.1/lib/gradle-launcher-2.14.1.jar
7f4d5980b000-7f4d59813000 rw-s 00000000 fd:01 393839                     /tmp/hsperfdata_jkokosa/4410
7f4d59813000-7f4d59814000 rw-p 00000000 00:00 0 
7f4d59814000-7f4d59815000 ---p 00000000 00:00 0 
7f4d59815000-7f4d59817000 rw-p 00000000 00:00 0 
7f4d59817000-7f4d59818000 r--p 00025000 fd:01 367                        /lib/x86_64-linux-gnu/ld-2.23.so
7f4d59818000-7f4d59819000 rw-p 00026000 fd:01 367                        /lib/x86_64-linux-gnu/ld-2.23.so
7f4d59819000-7f4d5981a000 rw-p 00000000 00:00 0 
7ffe540cd000-7ffe540ee000 rw-p 00000000 00:00 0                          [stack]
7ffe54198000-7ffe5419a000 r--p 00000000 00:00 0                          [vvar]
7ffe5419a000-7ffe5419c000 r-xp 00000000 00:00 0                          [vdso]
ffffffffff600000-ffffffffff601000 r-xp 00000000 00:00 0                  [vsyscall]

VM Arguments:
jvm_args: -Xmx1536m -Dfile.encoding=UTF-8 -Duser.country=US -Duser.language=en -Duser.variant 
java_command: org.gradle.launcher.daemon.bootstrap.GradleDaemon 2.14.1
java_class_path (initial): /opt/android-studio/gradle/gradle-2.14.1/lib/gradle-launcher-2.14.1.jar
Launcher Type: SUN_STANDARD

Environment Variables:
PATH=/home/jkokosa/bin:/home/jkokosa/.local/bin:/usr/local/sbin:/usr/local/bin:/usr/sbin:/usr/bin:/sbin:/bin:/usr/games:/usr/local/games:/snap/bin
LD_LIBRARY_PATH=/opt/android-studio/bin:
SHELL=/bin/bash
DISPLAY=:0.0

Signal Handlers:
SIGSEGV: [libjvm.so+0xac7800], sa_mask[0]=11111111011111111101111111111110, sa_flags=SA_RESTART|SA_SIGINFO
SIGBUS: [libjvm.so+0xac7800], sa_mask[0]=11111111011111111101111111111110, sa_flags=SA_RESTART|SA_SIGINFO
SIGFPE: [libjvm.so+0x920990], sa_mask[0]=11111111011111111101111111111110, sa_flags=SA_RESTART|SA_SIGINFO
SIGPIPE: [libjvm.so+0x920990], sa_mask[0]=11111111011111111101111111111110, sa_flags=SA_RESTART|SA_SIGINFO
SIGXFSZ: [libjvm.so+0x920990], sa_mask[0]=11111111011111111101111111111110, sa_flags=SA_RESTART|SA_SIGINFO
SIGILL: [libjvm.so+0x920990], sa_mask[0]=11111111011111111101111111111110, sa_flags=SA_RESTART|SA_SIGINFO
SIGUSR1: SIG_DFL, sa_mask[0]=00000000000000000000000000000000, sa_flags=none
SIGUSR2: [libjvm.so+0x9221d0], sa_mask[0]=00100000000000000000000000000000, sa_flags=SA_RESTART|SA_SIGINFO
SIGHUP: [libjvm.so+0x9235d0], sa_mask[0]=11111111011111111101111111111110, sa_flags=SA_RESTART|SA_SIGINFO
SIGINT: [libjvm.so+0x9235d0], sa_mask[0]=11111111011111111101111111111110, sa_flags=SA_RESTART|SA_SIGINFO
SIGTERM: [libjvm.so+0x9235d0], sa_mask[0]=11111111011111111101111111111110, sa_flags=SA_RESTART|SA_SIGINFO
SIGQUIT: [libjvm.so+0x9235d0], sa_mask[0]=11111111011111111101111111111110, sa_flags=SA_RESTART|SA_SIGINFO


---------------  S Y S T E M  ---------------

OS:DISTRIB_ID=Ubuntu
DISTRIB_RELEASE=16.04
DISTRIB_CODENAME=xenial
DISTRIB_DESCRIPTION="Ubuntu 16.04.1 LTS"

uname:Linux 4.4.0-47-generic #68-Ubuntu SMP Wed Oct 26 19:39:52 UTC 2016 x86_64
libc:glibc 2.23 NPTL 2.23 
rlimit: STACK 8192k, CORE 0k, NPROC 7950, NOFILE 65536, AS infinity
load average:0.89 0.82 0.57

/proc/meminfo:
MemTotal:        2047816 kB
MemFree:           56096 kB
MemAvailable:          0 kB
Buffers:             464 kB
Cached:            19916 kB
SwapCached:            0 kB
Active:          1890912 kB
Inactive:          16752 kB
Active(anon):    1888624 kB
Inactive(anon):    13824 kB
Active(file):       2288 kB
Inactive(file):     2928 kB
Unevictable:          32 kB
Mlocked:              32 kB
SwapTotal:             0 kB
SwapFree:              0 kB
Dirty:                 0 kB
Writeback:             0 kB
AnonPages:       1887828 kB
Mapped:            16424 kB
Shmem:             14624 kB
Slab:              43720 kB
SReclaimable:      21816 kB
SUnreclaim:        21904 kB
KernelStack:        6864 kB
PageTables:        17732 kB
NFS_Unstable:          0 kB
Bounce:                0 kB
WritebackTmp:          0 kB
CommitLimit:     1023908 kB
Committed_AS:    3243460 kB
VmallocTotal:   34359738367 kB
VmallocUsed:           0 kB
VmallocChunk:          0 kB
HardwareCorrupted:     0 kB
AnonHugePages:   1089536 kB
CmaTotal:              0 kB
CmaFree:               0 kB
HugePages_Total:       0
HugePages_Free:        0
HugePages_Rsvd:        0
HugePages_Surp:        0
Hugepagesize:       2048 kB
DirectMap4k:       55288 kB
DirectMap2M:     2041856 kB


CPU:total 6 (1 cores per cpu, 1 threads per core) family 6 model 44 stepping 1, cmov, cx8, fxsr, mmx, sse, sse2, sse3, ssse3, sse4.1, sse4.2, popcnt, aes, clmul, tsc

/proc/cpuinfo:
processor	: 0
vendor_id	: GenuineIntel
cpu family	: 6
model		: 44
model name	: Westmere E56xx/L56xx/X56xx (Nehalem-C)
stepping	: 1
microcode	: 0x1
cpu MHz		: 3400.024
cache size	: 4096 KB
physical id	: 0
siblings	: 1
core id		: 0
cpu cores	: 1
apicid		: 0
initial apicid	: 0
fpu		: yes
fpu_exception	: yes
cpuid level	: 11
wp		: yes
flags		: fpu vme de pse tsc msr pae mce cx8 apic sep mtrr pge mca cmov pat pse36 clflush mmx fxsr sse sse2 ss syscall nx rdtscp lm constant_tsc rep_good nopl pni pclmulqdq vmx ssse3 cx16 pcid sse4_1 sse4_2 x2apic popcnt tsc_deadline_timer aes avx hypervisor lahf_lm vnmi ept
bugs		:
bogomips	: 6800.04
clflush size	: 64
cache_alignment	: 64
address sizes	: 40 bits physical, 48 bits virtual
power management:

processor	: 1
vendor_id	: GenuineIntel
cpu family	: 6
model		: 44
model name	: Westmere E56xx/L56xx/X56xx (Nehalem-C)
stepping	: 1
microcode	: 0x1
cpu MHz		: 3400.024
cache size	: 4096 KB
physical id	: 1
siblings	: 1
core id		: 0
cpu cores	: 1
apicid		: 1
initial apicid	: 1
fpu		: yes
fpu_exception	: yes
cpuid level	: 11
wp		: yes
flags		: fpu vme de pse tsc msr pae mce cx8 apic sep mtrr pge mca cmov pat pse36 clflush mmx fxsr sse sse2 ss syscall nx rdtscp lm constant_tsc rep_good nopl pni pclmulqdq vmx ssse3 cx16 pcid sse4_1 sse4_2 x2apic popcnt tsc_deadline_timer aes avx hypervisor lahf_lm vnmi ept
bugs		:
bogomips	: 6800.04
clflush size	: 64
cache_alignment	: 64
address sizes	: 40 bits physical, 48 bits virtual
power management:

processor	: 2
vendor_id	: GenuineIntel
cpu family	: 6
model		: 44
model name	: Westmere E56xx/L56xx/X56xx (Nehalem-C)
stepping	: 1
microcode	: 0x1
cpu MHz		: 3400.024
cache size	: 4096 KB
physical id	: 2
siblings	: 1
core id		: 0
cpu cores	: 1
apicid		: 2
initial apicid	: 2
fpu		: yes
fpu_exception	: yes
cpuid level	: 11
wp		: yes
flags		: fpu vme de pse tsc msr pae mce cx8 apic sep mtrr pge mca cmov pat pse36 clflush mmx fxsr sse sse2 ss syscall nx rdtscp lm constant_tsc rep_good nopl pni pclmulqdq vmx ssse3 cx16 pcid sse4_1 sse4_2 x2apic popcnt tsc_deadline_timer aes avx hypervisor lahf_lm vnmi ept
bugs		:
bogomips	: 6800.04
clflush size	: 64
cache_alignment	: 64
address sizes	: 40 bits physical, 48 bits virtual
power management:

processor	: 3
vendor_id	: GenuineIntel
cpu family	: 6
model		: 44
model name	: Westmere E56xx/L56xx/X56xx (Nehalem-C)
stepping	: 1
microcode	: 0x1
cpu MHz		: 3400.024
cache size	: 4096 KB
physical id	: 3
siblings	: 1
core id		: 0
cpu cores	: 1
apicid		: 3
initial apicid	: 3
fpu		: yes
fpu_exception	: yes
cpuid level	: 11
wp		: yes
flags		: fpu vme de pse tsc msr pae mce cx8 apic sep mtrr pge mca cmov pat pse36 clflush mmx fxsr sse sse2 ss syscall nx rdtscp lm constant_tsc rep_good nopl pni pclmulqdq vmx ssse3 cx16 pcid sse4_1 sse4_2 x2apic popcnt tsc_deadline_timer aes avx hypervisor lahf_lm vnmi ept
bugs		:
bogomips	: 6800.04
clflush size	: 64
cache_alignment	: 64
address sizes	: 40 bits physical, 48 bits virtual
power management:

processor	: 4
vendor_id	: GenuineIntel
cpu family	: 6
model		: 44
model name	: Westmere E56xx/L56xx/X56xx (Nehalem-C)
stepping	: 1
microcode	: 0x1
cpu MHz		: 3400.024
cache size	: 4096 KB
physical id	: 4
siblings	: 1
core id		: 0
cpu cores	: 1
apicid		: 4
initial apicid	: 4
fpu		: yes
fpu_exception	: yes
cpuid level	: 11
wp		: yes
flags		: fpu vme de pse tsc msr pae mce cx8 apic sep mtrr pge mca cmov pat pse36 clflush mmx fxsr sse sse2 ss syscall nx rdtscp lm constant_tsc rep_good nopl pni pclmulqdq vmx ssse3 cx16 pcid sse4_1 sse4_2 x2apic popcnt tsc_deadline_timer aes avx hypervisor lahf_lm vnmi ept
bugs		:
bogomips	: 6800.04
clflush size	: 64
cache_alignment	: 64
address sizes	: 40 bits physical, 48 bits virtual
power management:

processor	: 5
vendor_id	: GenuineIntel
cpu family	: 6
model		: 44
model name	: Westmere E56xx/L56xx/X56xx (Nehalem-C)
stepping	: 1
microcode	: 0x1
cpu MHz		: 3400.024
cache size	: 4096 KB
physical id	: 5
siblings	: 1
core id		: 0
cpu cores	: 1
apicid		: 5
initial apicid	: 5
fpu		: yes
fpu_exception	: yes
cpuid level	: 11
wp		: yes
flags		: fpu vme de pse tsc msr pae mce cx8 apic sep mtrr pge mca cmov pat pse36 clflush mmx fxsr sse sse2 ss syscall nx rdtscp lm constant_tsc rep_good nopl pni pclmulqdq vmx ssse3 cx16 pcid sse4_1 sse4_2 x2apic popcnt tsc_deadline_timer aes avx hypervisor lahf_lm vnmi ept
bugs		:
bogomips	: 6800.04
clflush size	: 64
cache_alignment	: 64
address sizes	: 40 bits physical, 48 bits virtual
power management:



Memory: 4k page, physical 2047816k(55724k free), swap 0k(0k free)

vm_info: Java HotSpot(TM) 64-Bit Server VM (25.112-b15) for linux-amd64 JRE (1.8.0_112-b15), built on Sep 22 2016 21:10:53 by "java_re" with gcc 4.3.0 20080428 (Red Hat 4.3.0-8)

time: Wed Nov 23 13:01:09 2016
elapsed time: 7 seconds (0d 0h 0m 7s)

